#
# There is insufficient memory for the Java Runtime Environment to continue.
# Native memory allocation (malloc) failed to allocate 1075200 bytes. Error detail: Chunk::new
# Possible reasons:
#   The system is out of physical RAM or swap space
#   This process is running with CompressedOops enabled, and the Java Heap may be blocking the growth of the native heap
# Possible solutions:
#   Reduce memory load on the system
#   Increase physical memory or swap space
#   Check if swap backing store is full
#   Decrease Java heap size (-Xmx/-Xms)
#   Decrease number of Java threads
#   Decrease Java thread stack sizes (-Xss)
#   Set larger code cache with -XX:ReservedCodeCacheSize=
#   JVM is running with Unscaled Compressed Oops mode in which the Java heap is
#     placed in the first 4GB address space. The Java Heap base address is the
#     maximum limit for the native heap growth. Please use -XX:HeapBaseMinAddress
#     to set the Java Heap base and to place the Java Heap above 4GB virtual address.
# This output file may be truncated or incomplete.
#
#  Out of Memory Error (arena.cpp:168), pid=3712, tid=44736
#
# JRE version: OpenJDK Runtime Environment Temurin-21.0.8+9 (21.0.8+9) (build 21.0.8+9-LTS)
# Java VM: OpenJDK 64-Bit Server VM Temurin-21.0.8+9 (21.0.8+9-LTS, mixed mode, sharing, tiered, compressed oops, compressed class ptrs, parallel gc, windows-amd64)
# No core dump will be written. Minidumps are not enabled by default on client versions of Windows
#

---------------  S U M M A R Y ------------

Command Line: --add-modules=ALL-SYSTEM --add-opens=java.base/java.util=ALL-UNNAMED --add-opens=java.base/java.lang=ALL-UNNAMED --add-opens=java.base/sun.nio.fs=ALL-UNNAMED -Declipse.application=org.eclipse.jdt.ls.core.id1 -Dosgi.bundles.defaultStartLevel=4 -Declipse.product=org.eclipse.jdt.ls.core.product -Djava.import.generatesMetadataFilesAtProjectRoot=false -DDetectVMInstallationsJob.disabled=true -Dfile.encoding=utf8 -XX:+UseParallelGC -XX:GCTimeRatio=4 -XX:AdaptiveSizePolicyWeight=90 -Dsun.zip.disableMemoryMapping=true -Xmx2G -Xms100m -Xlog:disable -javaagent:c:\Users\mp2k5\.vscode\extensions\redhat.java-1.45.0-win32-x64\lombok\lombok-1.18.39-4050.jar c:\Users\mp2k5\.vscode\extensions\redhat.java-1.45.0-win32-x64\server\plugins\org.eclipse.equinox.launcher_1.7.0.v20250519-0528.jar -configuration c:\Users\mp2k5\AppData\Roaming\Code\User\globalStorage\redhat.java\1.45.0\config_ss_win -data c:\Users\mp2k5\AppData\Roaming\Code\User\workspaceStorage\fdc93686323f34eeea03923134018aa6\redhat.java\ss_ws --pipe=\\.\pipe\lsp-73c31b04af19d2699b8307c72f3fce01-sock

Host: 13th Gen Intel(R) Core(TM) i5-13500H, 16 cores, 15G,  Windows 11 , 64 bit Build 26100 (10.0.26100.5074)
Time: Wed Oct  1 12:41:08 2025 SE Asia Standard Time elapsed time: 21.417071 seconds (0d 0h 0m 21s)

---------------  T H R E A D  ---------------

Current thread (0x000002829018c180):  JavaThread "C2 CompilerThread1" daemon [_thread_in_native, id=44736, stack(0x00000084a9f00000,0x00000084aa000000) (1024K)]


Current CompileTask:
C2:21417 5433       4       org.eclipse.core.internal.events.ResourceDeltaFactory::createDelta (249 bytes)

Stack: [0x00000084a9f00000,0x00000084aa000000]
Native frames: (J=compiled Java code, j=interpreted, Vv=VM code, C=native code)
V  [jvm.dll+0x6d2449]
V  [jvm.dll+0x8ae341]
V  [jvm.dll+0x8b08be]
V  [jvm.dll+0x8b0fa3]
V  [jvm.dll+0x280c96]
V  [jvm.dll+0xc581d]
V  [jvm.dll+0xc5d53]
V  [jvm.dll+0x3b919c]
V  [jvm.dll+0x1e1409]
V  [jvm.dll+0x249022]
V  [jvm.dll+0x2484af]
V  [jvm.dll+0x1c89ee]
V  [jvm.dll+0x257d4d]
V  [jvm.dll+0x2562ea]
V  [jvm.dll+0x3f2d16]
V  [jvm.dll+0x857e6b]
V  [jvm.dll+0x6d0b0d]
C  [ucrtbase.dll+0x37b0]
C  [KERNEL32.DLL+0x2e8d7]
C  [ntdll.dll+0x8d9c]


---------------  P R O C E S S  ---------------

Threads class SMR info:
_java_thread_list=0x00000282efade220, length=45, elements={
0x000002828dda9bb0, 0x0000028290078090, 0x000002829016ef70, 0x0000028290171f90,
0x0000028290172c80, 0x000002829007c870, 0x000002829007dc20, 0x0000028290186490,
0x000002829018cf20, 0x000002829007a7a0, 0x000002829007ae30, 0x000002829007bb50,
0x000002829007d590, 0x000002829007b4c0, 0x000002829007c1e0, 0x00000282ef1b22b0,
0x00000282ef1b01e0, 0x00000282ef1b0f00, 0x00000282ef1b1c20, 0x00000282ef1afb50,
0x00000282ef1b1590, 0x00000282ef1b2fd0, 0x00000282ef1b3660, 0x00000282ef1b3cf0,
0x00000282ef1b0870, 0x00000282ef1b6ae0, 0x00000282ef1b5730, 0x00000282ef1b7170,
0x00000282ef1b4a10, 0x00000282ef1b4380, 0x00000282ef1b50a0, 0x00000282ef1b5dc0,
0x00000282ef1b6450, 0x00000282effc6860, 0x00000282effc6ef0, 0x00000282effc9ce0,
0x00000282effc82a0, 0x00000282effcaa00, 0x00000282effc8930, 0x00000282effca370,
0x000002829018c180, 0x000002829018d5f0, 0x0000028290189f70, 0x000002829018c850,
0x000002829018a640
}

Java Threads: ( => current thread )
  0x000002828dda9bb0 JavaThread "main"                              [_thread_blocked, id=24560, stack(0x00000084a8e00000,0x00000084a8f00000) (1024K)]
  0x0000028290078090 JavaThread "Reference Handler"          daemon [_thread_blocked, id=2636, stack(0x00000084a9200000,0x00000084a9300000) (1024K)]
  0x000002829016ef70 JavaThread "Finalizer"                  daemon [_thread_blocked, id=21324, stack(0x00000084a9300000,0x00000084a9400000) (1024K)]
  0x0000028290171f90 JavaThread "Signal Dispatcher"          daemon [_thread_blocked, id=33256, stack(0x00000084a9400000,0x00000084a9500000) (1024K)]
  0x0000028290172c80 JavaThread "Attach Listener"            daemon [_thread_blocked, id=44572, stack(0x00000084a9500000,0x00000084a9600000) (1024K)]
  0x000002829007c870 JavaThread "Service Thread"             daemon [_thread_blocked, id=10796, stack(0x00000084a9600000,0x00000084a9700000) (1024K)]
  0x000002829007dc20 JavaThread "Monitor Deflation Thread"   daemon [_thread_blocked, id=41716, stack(0x00000084a9700000,0x00000084a9800000) (1024K)]
  0x0000028290186490 JavaThread "C2 CompilerThread0"         daemon [_thread_in_native, id=43764, stack(0x00000084a9800000,0x00000084a9900000) (1024K)]
  0x000002829018cf20 JavaThread "C1 CompilerThread0"         daemon [_thread_blocked, id=8528, stack(0x00000084a9900000,0x00000084a9a00000) (1024K)]
  0x000002829007a7a0 JavaThread "Common-Cleaner"             daemon [_thread_blocked, id=21732, stack(0x00000084a9b00000,0x00000084a9c00000) (1024K)]
  0x000002829007ae30 JavaThread "Notification Thread"        daemon [_thread_blocked, id=1392, stack(0x00000084aa000000,0x00000084aa100000) (1024K)]
  0x000002829007bb50 JavaThread "Active Thread: Equinox Container: db27d268-f184-4e71-ae40-619f7ad4dfdc"        [_thread_blocked, id=43908, stack(0x00000084aa900000,0x00000084aaa00000) (1024K)]
  0x000002829007d590 JavaThread "Framework Event Dispatcher: Equinox Container: db27d268-f184-4e71-ae40-619f7ad4dfdc" daemon [_thread_blocked, id=36264, stack(0x00000084a9c00000,0x00000084a9d00000) (1024K)]
  0x000002829007b4c0 JavaThread "Start Level: Equinox Container: db27d268-f184-4e71-ae40-619f7ad4dfdc" daemon [_thread_blocked, id=40092, stack(0x00000084a9d00000,0x00000084a9e00000) (1024K)]
  0x000002829007c1e0 JavaThread "SCR Component Actor"        daemon [_thread_blocked, id=37196, stack(0x00000084a9e00000,0x00000084a9f00000) (1024K)]
  0x00000282ef1b22b0 JavaThread "Worker-JM"                         [_thread_blocked, id=43276, stack(0x00000084aa800000,0x00000084aa900000) (1024K)]
  0x00000282ef1b01e0 JavaThread "JNA Cleaner"                daemon [_thread_blocked, id=44696, stack(0x00000084aad00000,0x00000084aae00000) (1024K)]
  0x00000282ef1b0f00 JavaThread "Worker-0: Flushing content description cache."        [_thread_in_Java, id=41152, stack(0x00000084aae00000,0x00000084aaf00000) (1024K)]
  0x00000282ef1b1c20 JavaThread "Worker-1"                          [_thread_blocked, id=44892, stack(0x00000084aaf00000,0x00000084ab000000) (1024K)]
  0x00000282ef1afb50 JavaThread "Thread-2"                   daemon [_thread_in_native, id=15744, stack(0x00000084ab700000,0x00000084ab800000) (1024K)]
  0x00000282ef1b1590 JavaThread "Thread-3"                   daemon [_thread_in_native, id=796, stack(0x00000084ab800000,0x00000084ab900000) (1024K)]
  0x00000282ef1b2fd0 JavaThread "Thread-4"                   daemon [_thread_in_native, id=45532, stack(0x00000084ab900000,0x00000084aba00000) (1024K)]
  0x00000282ef1b3660 JavaThread "Thread-5"                   daemon [_thread_in_native, id=2188, stack(0x00000084aba00000,0x00000084abb00000) (1024K)]
  0x00000282ef1b3cf0 JavaThread "Thread-6"                   daemon [_thread_in_native, id=21948, stack(0x00000084abb00000,0x00000084abc00000) (1024K)]
  0x00000282ef1b0870 JavaThread "Thread-7"                   daemon [_thread_in_native, id=18452, stack(0x00000084abc00000,0x00000084abd00000) (1024K)]
  0x00000282ef1b6ae0 JavaThread "Thread-8"                   daemon [_thread_in_native, id=37896, stack(0x00000084abd00000,0x00000084abe00000) (1024K)]
  0x00000282ef1b5730 JavaThread "Thread-9"                   daemon [_thread_in_native, id=43404, stack(0x00000084abe00000,0x00000084abf00000) (1024K)]
  0x00000282ef1b7170 JavaThread "Thread-10"                  daemon [_thread_in_native, id=23600, stack(0x00000084abf00000,0x00000084ac000000) (1024K)]
  0x00000282ef1b4a10 JavaThread "Thread-11"                  daemon [_thread_in_native, id=41952, stack(0x00000084ac000000,0x00000084ac100000) (1024K)]
  0x00000282ef1b4380 JavaThread "Thread-12"                  daemon [_thread_in_native, id=43564, stack(0x00000084ac100000,0x00000084ac200000) (1024K)]
  0x00000282ef1b50a0 JavaThread "Thread-13"                  daemon [_thread_in_native, id=12496, stack(0x00000084ac200000,0x00000084ac300000) (1024K)]
  0x00000282ef1b5dc0 JavaThread "Thread-14"                  daemon [_thread_in_native, id=29640, stack(0x00000084ac300000,0x00000084ac400000) (1024K)]
  0x00000282ef1b6450 JavaThread "Thread-15"                  daemon [_thread_in_native, id=17248, stack(0x00000084ac400000,0x00000084ac500000) (1024K)]
  0x00000282effc6860 JavaThread "Thread-16"                  daemon [_thread_in_native, id=44576, stack(0x00000084ac500000,0x00000084ac600000) (1024K)]
  0x00000282effc6ef0 JavaThread "Thread-17"                  daemon [_thread_in_native, id=22496, stack(0x00000084ac600000,0x00000084ac700000) (1024K)]
  0x00000282effc9ce0 JavaThread "Thread-18"                  daemon [_thread_in_native, id=35184, stack(0x00000084ac700000,0x00000084ac800000) (1024K)]
  0x00000282effc82a0 JavaThread "pool-2-thread-1"                   [_thread_blocked, id=6136, stack(0x00000084ac800000,0x00000084ac900000) (1024K)]
  0x00000282effcaa00 JavaThread "Worker-2"                          [_thread_blocked, id=11944, stack(0x00000084ac900000,0x00000084aca00000) (1024K)]
  0x00000282effc8930 JavaThread "WorkspaceEventsHandler"            [_thread_blocked, id=42336, stack(0x00000084aca00000,0x00000084acb00000) (1024K)]
  0x00000282effca370 JavaThread "pool-1-thread-1"                   [_thread_in_Java, id=36916, stack(0x00000084acb00000,0x00000084acc00000) (1024K)]
=>0x000002829018c180 JavaThread "C2 CompilerThread1"         daemon [_thread_in_native, id=44736, stack(0x00000084a9f00000,0x00000084aa000000) (1024K)]
  0x000002829018d5f0 JavaThread "C2 CompilerThread2"         daemon [_thread_in_native, id=14728, stack(0x00000084aa700000,0x00000084aa800000) (1024K)]
  0x0000028290189f70 JavaThread "C2 CompilerThread3"         daemon [_thread_in_native, id=15108, stack(0x00000084aac00000,0x00000084aad00000) (1024K)]
  0x000002829018c850 JavaThread "C1 CompilerThread1"         daemon [_thread_blocked, id=12812, stack(0x00000084ab000000,0x00000084ab100000) (1024K)]
  0x000002829018a640 JavaThread "C1 CompilerThread2"         daemon [_thread_blocked, id=43984, stack(0x00000084ab500000,0x00000084ab600000) (1024K)]
Total: 45

Other Threads:
  0x0000028290064120 VMThread "VM Thread"                           [id=43956, stack(0x00000084a9100000,0x00000084a9200000) (1024K)]
  0x000002828ff5ca00 WatcherThread "VM Periodic Task Thread"        [id=24196, stack(0x00000084a9000000,0x00000084a9100000) (1024K)]
  0x00000282900ec4a0 WorkerThread "GC Thread#0"                     [id=42356, stack(0x00000084a8f00000,0x00000084a9000000) (1024K)]
  0x00000282eac0f100 WorkerThread "GC Thread#1"                     [id=26356, stack(0x00000084aa100000,0x00000084aa200000) (1024K)]
  0x00000282eac0f8b0 WorkerThread "GC Thread#2"                     [id=42744, stack(0x00000084aa200000,0x00000084aa300000) (1024K)]
  0x00000282eac69ea0 WorkerThread "GC Thread#3"                     [id=34364, stack(0x00000084aa300000,0x00000084aa400000) (1024K)]
  0x00000282eac6a240 WorkerThread "GC Thread#4"                     [id=14460, stack(0x00000084aa400000,0x00000084aa500000) (1024K)]
  0x00000282eac11db0 WorkerThread "GC Thread#5"                     [id=21300, stack(0x00000084aa500000,0x00000084aa600000) (1024K)]
  0x00000282eac12150 WorkerThread "GC Thread#6"                     [id=45860, stack(0x00000084aa600000,0x00000084aa700000) (1024K)]
  0x00000282ef242570 WorkerThread "GC Thread#7"                     [id=45036, stack(0x00000084a9a00000,0x00000084a9b00000) (1024K)]
  0x00000282e91e72a0 WorkerThread "GC Thread#8"                     [id=37444, stack(0x00000084aaa00000,0x00000084aab00000) (1024K)]
  0x00000282e91e7640 WorkerThread "GC Thread#9"                     [id=13068, stack(0x00000084aab00000,0x00000084aac00000) (1024K)]
  0x00000282e91e6080 WorkerThread "GC Thread#10"                    [id=45968, stack(0x00000084ab100000,0x00000084ab200000) (1024K)]
  0x00000282e91e6420 WorkerThread "GC Thread#11"                    [id=43980, stack(0x00000084ab200000,0x00000084ab300000) (1024K)]
  0x00000282e91e67c0 WorkerThread "GC Thread#12"                    [id=45660, stack(0x00000084ab300000,0x00000084ab400000) (1024K)]
Total: 15

Threads with active compile tasks:
C2 CompilerThread0  21462 5540       4       org.eclipse.core.internal.watson.ElementTreeIterator::requestPath (100 bytes)
C2 CompilerThread1  21463 5433       4       org.eclipse.core.internal.events.ResourceDeltaFactory::createDelta (249 bytes)
C2 CompilerThread2  21463 5509       4       org.eclipse.core.internal.events.ResourceDelta::accept (162 bytes)
C2 CompilerThread3  21463 5499   !   4       org.eclipse.jdt.internal.core.DeltaProcessor::traverseDelta (650 bytes)
Total: 4

VM state: not at safepoint (normal execution)

VM Mutex/Monitor currently owned by a thread: None

Heap address: 0x0000000080000000, size: 2048 MB, Compressed Oops mode: 32-bit

CDS archive(s) mapped at: [0x00000282a7000000-0x00000282a7ba0000-0x00000282a7ba0000), size 12189696, SharedBaseAddress: 0x00000282a7000000, ArchiveRelocationMode: 1.
Compressed class space mapped at: 0x00000282a8000000-0x00000282e8000000, reserved size: 1073741824
Narrow klass base: 0x00000282a7000000, Narrow klass shift: 0, Narrow klass range: 0x100000000

GC Precious Log:
 CardTable entry size: 512
 CPUs: 16 total, 16 available
 Memory: 16107M
 Large Page Support: Disabled
 NUMA Support: Disabled
 Compressed Oops: Enabled (32-bit)
 Alignments: Space 512K, Generation 512K, Heap 2M
 Heap Min Capacity: 100M
 Heap Initial Capacity: 100M
 Heap Max Capacity: 2G
 Pre-touch: Disabled
 Parallel Workers: 13

Heap:
 PSYoungGen      total 20992K, used 8981K [0x00000000d5580000, 0x00000000d6c00000, 0x0000000100000000)
  eden space 18944K, 38% used [0x00000000d5580000,0x00000000d5c9d618,0x00000000d6800000)
  from space 2048K, 82% used [0x00000000d6a00000,0x00000000d6ba8020,0x00000000d6c00000)
  to   space 2048K, 0% used [0x00000000d6800000,0x00000000d6800000,0x00000000d6a00000)
 ParOldGen       total 68608K, used 45326K [0x0000000080000000, 0x0000000084300000, 0x00000000d5580000)
  object space 68608K, 66% used [0x0000000080000000,0x0000000082c438d0,0x0000000084300000)
 Metaspace       used 33737K, committed 34688K, reserved 1114112K
  class space    used 3331K, committed 3712K, reserved 1048576K

Card table byte_map: [0x000002828fa70000,0x000002828fe80000] _byte_map_base: 0x000002828f670000

Marking Bits: (ParMarkBitMap*) 0x00007ff930d3a340
 Begin Bits: [0x00000282a2570000, 0x00000282a4570000)
 End Bits:   [0x00000282a4570000, 0x00000282a6570000)

Polling page: 0x000002828df00000

Metaspace:

Usage:
  Non-class:     29.69 MB used.
      Class:      3.25 MB used.
       Both:     32.95 MB used.

Virtual space:
  Non-class space:       64.00 MB reserved,      30.25 MB ( 47%) committed,  1 nodes.
      Class space:        1.00 GB reserved,       3.62 MB ( <1%) committed,  1 nodes.
             Both:        1.06 GB reserved,      33.88 MB (  3%) committed. 

Chunk freelists:
   Non-Class:  1.62 MB
       Class:  12.31 MB
        Both:  13.94 MB

MaxMetaspaceSize: unlimited
CompressedClassSpaceSize: 1.00 GB
Initial GC threshold: 21.00 MB
Current GC threshold: 35.00 MB
CDS: on
 - commit_granule_bytes: 65536.
 - commit_granule_words: 8192.
 - virtual_space_node_default_size: 8388608.
 - enlarge_chunks_in_place: 1.
 - use_allocation_guard: 0.


Internal statistics:

num_allocs_failed_limit: 3.
num_arena_births: 652.
num_arena_deaths: 14.
num_vsnodes_births: 2.
num_vsnodes_deaths: 0.
num_space_committed: 542.
num_space_uncommitted: 0.
num_chunks_returned_to_freelist: 17.
num_chunks_taken_from_freelist: 2001.
num_chunk_merges: 7.
num_chunk_splits: 1286.
num_chunks_enlarged: 810.
num_inconsistent_stats: 0.

CodeHeap 'non-profiled nmethods': size=119168Kb used=3974Kb max_used=3974Kb free=115193Kb
 bounds [0x000002829ae60000, 0x000002829b250000, 0x00000282a22c0000]
CodeHeap 'profiled nmethods': size=119104Kb used=11145Kb max_used=11145Kb free=107958Kb
 bounds [0x00000282932c0000, 0x0000028293db0000, 0x000002829a710000]
CodeHeap 'non-nmethods': size=7488Kb used=2495Kb max_used=3101Kb free=4992Kb
 bounds [0x000002829a710000, 0x000002829aa80000, 0x000002829ae60000]
CodeCache: size=245760Kb, used=17614Kb, max_used=18220Kb, free=228143Kb
 total_blobs=6217, nmethods=5549, adapters=572, full_count=0
Compilation: enabled, stopped_count=0, restarted_count=0

Compilation events (20 events):
Event: 21.383 Thread 0x000002829018cf20 nmethod 5555 0x0000028293d86490 code [0x0000028293d866a0, 0x0000028293d86c68]
Event: 21.383 Thread 0x000002829018c850 5566       3       org.eclipse.jdt.internal.compiler.parser.Scanner::scanIdentifierOrKeywordWithBoundCheck (198 bytes)
Event: 21.383 Thread 0x000002829018cf20 5567       3       org.eclipse.jdt.internal.compiler.parser.Scanner::internalScanIdentifierOrKeyword (5041 bytes)
Event: 21.384 Thread 0x000002829018a640 nmethod 5565 0x0000028293d86e90 code [0x0000028293d87100, 0x0000028293d87b88]
Event: 21.384 Thread 0x000002829018c850 nmethod 5566 0x0000028293d87f90 code [0x0000028293d881c0, 0x0000028293d889e0]
Event: 21.385 Thread 0x000002829018c850 5556       3       org.eclipse.jdt.internal.compiler.util.Jdk::toJdkHome (46 bytes)
Event: 21.386 Thread 0x000002829018a640 5557       3       org.eclipse.jdt.internal.compiler.util.JRTUtil$$Lambda/0x00000282a82ff878::<init> (20 bytes)
Event: 21.386 Thread 0x000002829018a640 nmethod 5557 0x0000028293d88c10 code [0x0000028293d88dc0, 0x0000028293d88f68]
Event: 21.386 Thread 0x000002829018c850 nmethod 5556 0x0000028293d89010 code [0x0000028293d89240, 0x0000028293d89780]
Event: 21.386 Thread 0x000002829018a640 5562       3       org.eclipse.core.internal.resources.ProjectDescription::getNatureIds (33 bytes)
Event: 21.386 Thread 0x000002829018c850 5560       3       org.eclipse.jdt.internal.core.JavaProject::getResolvedClasspath (49 bytes)
Event: 21.387 Thread 0x000002829018a640 nmethod 5562 0x0000028293d89990 code [0x0000028293d89b60, 0x0000028293d89ef8]
Event: 21.387 Thread 0x000002829018a640 5568       3       org.eclipse.core.internal.resources.ProjectPreferences::nodeExists (124 bytes)
Event: 21.388 Thread 0x000002829018c850 nmethod 5560 0x0000028293d8a010 code [0x0000028293d8a260, 0x0000028293d8aef0]
Event: 21.390 Thread 0x000002829018a640 nmethod 5568 0x0000028293d8b290 code [0x0000028293d8b660, 0x0000028293d8ce10]
Event: 21.393 Thread 0x0000028290186490 nmethod 5538 0x000002829b23ae90 code [0x000002829b23b120, 0x000002829b23c810]
Event: 21.393 Thread 0x0000028290186490 5541       4       org.eclipse.core.internal.dtree.DeltaDataTree::searchNodeAt (120 bytes)
Event: 21.397 Thread 0x000002829018cf20 nmethod 5567 0x0000028293d8d610 code [0x0000028293d8e5e0, 0x0000028293d99a58]
Event: 21.398 Thread 0x0000028290186490 nmethod 5541 0x000002829b23d510 code [0x000002829b23d6e0, 0x000002829b23da08]
Event: 21.398 Thread 0x0000028290186490 5536       4       org.eclipse.core.internal.dtree.AbstractDataTreeNode::assembleWith (124 bytes)

GC Heap History (20 events):
Event: 20.891 GC heap before
{Heap before GC invocations=53 (full 1):
 PSYoungGen      total 22016K, used 21920K [0x00000000d5580000, 0x00000000d6c00000, 0x0000000100000000)
  eden space 21504K, 100% used [0x00000000d5580000,0x00000000d6a80000,0x00000000d6a80000)
  from space 512K, 81% used [0x00000000d6b00000,0x00000000d6b68000,0x00000000d6b80000)
  to   space 512K, 0% used [0x00000000d6b80000,0x00000000d6b80000,0x00000000d6c00000)
 ParOldGen       total 68608K, used 38023K [0x0000000080000000, 0x0000000084300000, 0x00000000d5580000)
  object space 68608K, 55% used [0x0000000080000000,0x0000000082521fc8,0x0000000084300000)
 Metaspace       used 33032K, committed 33984K, reserved 1114112K
  class space    used 3293K, committed 3712K, reserved 1048576K
}
Event: 20.892 GC heap after
{Heap after GC invocations=53 (full 1):
 PSYoungGen      total 22016K, used 416K [0x00000000d5580000, 0x00000000d6c00000, 0x0000000100000000)
  eden space 21504K, 0% used [0x00000000d5580000,0x00000000d5580000,0x00000000d6a80000)
  from space 512K, 81% used [0x00000000d6b80000,0x00000000d6be8000,0x00000000d6c00000)
  to   space 512K, 0% used [0x00000000d6b00000,0x00000000d6b00000,0x00000000d6b80000)
 ParOldGen       total 68608K, used 38191K [0x0000000080000000, 0x0000000084300000, 0x00000000d5580000)
  object space 68608K, 55% used [0x0000000080000000,0x000000008254bfc8,0x0000000084300000)
 Metaspace       used 33032K, committed 33984K, reserved 1114112K
  class space    used 3293K, committed 3712K, reserved 1048576K
}
Event: 20.930 GC heap before
{Heap before GC invocations=54 (full 1):
 PSYoungGen      total 22016K, used 21920K [0x00000000d5580000, 0x00000000d6c00000, 0x0000000100000000)
  eden space 21504K, 100% used [0x00000000d5580000,0x00000000d6a80000,0x00000000d6a80000)
  from space 512K, 81% used [0x00000000d6b80000,0x00000000d6be8000,0x00000000d6c00000)
  to   space 512K, 0% used [0x00000000d6b00000,0x00000000d6b00000,0x00000000d6b80000)
 ParOldGen       total 68608K, used 38191K [0x0000000080000000, 0x0000000084300000, 0x00000000d5580000)
  object space 68608K, 55% used [0x0000000080000000,0x000000008254bfc8,0x0000000084300000)
 Metaspace       used 33032K, committed 33984K, reserved 1114112K
  class space    used 3293K, committed 3712K, reserved 1048576K
}
Event: 20.931 GC heap after
{Heap after GC invocations=54 (full 1):
 PSYoungGen      total 22016K, used 416K [0x00000000d5580000, 0x00000000d6c00000, 0x0000000100000000)
  eden space 21504K, 0% used [0x00000000d5580000,0x00000000d5580000,0x00000000d6a80000)
  from space 512K, 81% used [0x00000000d6b00000,0x00000000d6b68000,0x00000000d6b80000)
  to   space 512K, 0% used [0x00000000d6b80000,0x00000000d6b80000,0x00000000d6c00000)
 ParOldGen       total 68608K, used 38391K [0x0000000080000000, 0x0000000084300000, 0x00000000d5580000)
  object space 68608K, 55% used [0x0000000080000000,0x000000008257dfc8,0x0000000084300000)
 Metaspace       used 33032K, committed 33984K, reserved 1114112K
  class space    used 3293K, committed 3712K, reserved 1048576K
}
Event: 20.977 GC heap before
{Heap before GC invocations=55 (full 1):
 PSYoungGen      total 22016K, used 21920K [0x00000000d5580000, 0x00000000d6c00000, 0x0000000100000000)
  eden space 21504K, 100% used [0x00000000d5580000,0x00000000d6a80000,0x00000000d6a80000)
  from space 512K, 81% used [0x00000000d6b00000,0x00000000d6b68000,0x00000000d6b80000)
  to   space 512K, 0% used [0x00000000d6b80000,0x00000000d6b80000,0x00000000d6c00000)
 ParOldGen       total 68608K, used 38391K [0x0000000080000000, 0x0000000084300000, 0x00000000d5580000)
  object space 68608K, 55% used [0x0000000080000000,0x000000008257dfc8,0x0000000084300000)
 Metaspace       used 33032K, committed 33984K, reserved 1114112K
  class space    used 3293K, committed 3712K, reserved 1048576K
}
Event: 20.978 GC heap after
{Heap after GC invocations=55 (full 1):
 PSYoungGen      total 22016K, used 416K [0x00000000d5580000, 0x00000000d6c00000, 0x0000000100000000)
  eden space 21504K, 0% used [0x00000000d5580000,0x00000000d5580000,0x00000000d6a80000)
  from space 512K, 81% used [0x00000000d6b80000,0x00000000d6be8000,0x00000000d6c00000)
  to   space 512K, 0% used [0x00000000d6b00000,0x00000000d6b00000,0x00000000d6b80000)
 ParOldGen       total 68608K, used 38527K [0x0000000080000000, 0x0000000084300000, 0x00000000d5580000)
  object space 68608K, 56% used [0x0000000080000000,0x000000008259ffc8,0x0000000084300000)
 Metaspace       used 33032K, committed 33984K, reserved 1114112K
  class space    used 3293K, committed 3712K, reserved 1048576K
}
Event: 21.008 GC heap before
{Heap before GC invocations=56 (full 1):
 PSYoungGen      total 22016K, used 21920K [0x00000000d5580000, 0x00000000d6c00000, 0x0000000100000000)
  eden space 21504K, 100% used [0x00000000d5580000,0x00000000d6a80000,0x00000000d6a80000)
  from space 512K, 81% used [0x00000000d6b80000,0x00000000d6be8000,0x00000000d6c00000)
  to   space 512K, 0% used [0x00000000d6b00000,0x00000000d6b00000,0x00000000d6b80000)
 ParOldGen       total 68608K, used 38527K [0x0000000080000000, 0x0000000084300000, 0x00000000d5580000)
  object space 68608K, 56% used [0x0000000080000000,0x000000008259ffc8,0x0000000084300000)
 Metaspace       used 33032K, committed 33984K, reserved 1114112K
  class space    used 3293K, committed 3712K, reserved 1048576K
}
Event: 21.008 GC heap after
{Heap after GC invocations=56 (full 1):
 PSYoungGen      total 22016K, used 416K [0x00000000d5580000, 0x00000000d6c00000, 0x0000000100000000)
  eden space 21504K, 0% used [0x00000000d5580000,0x00000000d5580000,0x00000000d6a80000)
  from space 512K, 81% used [0x00000000d6b00000,0x00000000d6b68000,0x00000000d6b80000)
  to   space 512K, 0% used [0x00000000d6b80000,0x00000000d6b80000,0x00000000d6c00000)
 ParOldGen       total 68608K, used 38671K [0x0000000080000000, 0x0000000084300000, 0x00000000d5580000)
  object space 68608K, 56% used [0x0000000080000000,0x00000000825c3fc8,0x0000000084300000)
 Metaspace       used 33032K, committed 33984K, reserved 1114112K
  class space    used 3293K, committed 3712K, reserved 1048576K
}
Event: 21.054 GC heap before
{Heap before GC invocations=57 (full 1):
 PSYoungGen      total 22016K, used 21920K [0x00000000d5580000, 0x00000000d6c00000, 0x0000000100000000)
  eden space 21504K, 100% used [0x00000000d5580000,0x00000000d6a80000,0x00000000d6a80000)
  from space 512K, 81% used [0x00000000d6b00000,0x00000000d6b68000,0x00000000d6b80000)
  to   space 512K, 0% used [0x00000000d6b80000,0x00000000d6b80000,0x00000000d6c00000)
 ParOldGen       total 68608K, used 38671K [0x0000000080000000, 0x0000000084300000, 0x00000000d5580000)
  object space 68608K, 56% used [0x0000000080000000,0x00000000825c3fc8,0x0000000084300000)
 Metaspace       used 33032K, committed 33984K, reserved 1114112K
  class space    used 3293K, committed 3712K, reserved 1048576K
}
Event: 21.055 GC heap after
{Heap after GC invocations=57 (full 1):
 PSYoungGen      total 22016K, used 416K [0x00000000d5580000, 0x00000000d6c00000, 0x0000000100000000)
  eden space 21504K, 0% used [0x00000000d5580000,0x00000000d5580000,0x00000000d6a80000)
  from space 512K, 81% used [0x00000000d6b80000,0x00000000d6be8000,0x00000000d6c00000)
  to   space 512K, 0% used [0x00000000d6b00000,0x00000000d6b00000,0x00000000d6b80000)
 ParOldGen       total 68608K, used 38775K [0x0000000080000000, 0x0000000084300000, 0x00000000d5580000)
  object space 68608K, 56% used [0x0000000080000000,0x00000000825ddfc8,0x0000000084300000)
 Metaspace       used 33032K, committed 33984K, reserved 1114112K
  class space    used 3293K, committed 3712K, reserved 1048576K
}
Event: 21.109 GC heap before
{Heap before GC invocations=58 (full 1):
 PSYoungGen      total 22016K, used 21920K [0x00000000d5580000, 0x00000000d6c00000, 0x0000000100000000)
  eden space 21504K, 100% used [0x00000000d5580000,0x00000000d6a80000,0x00000000d6a80000)
  from space 512K, 81% used [0x00000000d6b80000,0x00000000d6be8000,0x00000000d6c00000)
  to   space 512K, 0% used [0x00000000d6b00000,0x00000000d6b00000,0x00000000d6b80000)
 ParOldGen       total 68608K, used 38775K [0x0000000080000000, 0x0000000084300000, 0x00000000d5580000)
  object space 68608K, 56% used [0x0000000080000000,0x00000000825ddfc8,0x0000000084300000)
 Metaspace       used 33032K, committed 33984K, reserved 1114112K
  class space    used 3293K, committed 3712K, reserved 1048576K
}
Event: 21.110 GC heap after
{Heap after GC invocations=58 (full 1):
 PSYoungGen      total 22016K, used 416K [0x00000000d5580000, 0x00000000d6c00000, 0x0000000100000000)
  eden space 21504K, 0% used [0x00000000d5580000,0x00000000d5580000,0x00000000d6a80000)
  from space 512K, 81% used [0x00000000d6b00000,0x00000000d6b68000,0x00000000d6b80000)
  to   space 512K, 0% used [0x00000000d6b80000,0x00000000d6b80000,0x00000000d6c00000)
 ParOldGen       total 68608K, used 38895K [0x0000000080000000, 0x0000000084300000, 0x00000000d5580000)
  object space 68608K, 56% used [0x0000000080000000,0x00000000825fbfc8,0x0000000084300000)
 Metaspace       used 33032K, committed 33984K, reserved 1114112K
  class space    used 3293K, committed 3712K, reserved 1048576K
}
Event: 21.195 GC heap before
{Heap before GC invocations=59 (full 1):
 PSYoungGen      total 22016K, used 21920K [0x00000000d5580000, 0x00000000d6c00000, 0x0000000100000000)
  eden space 21504K, 100% used [0x00000000d5580000,0x00000000d6a80000,0x00000000d6a80000)
  from space 512K, 81% used [0x00000000d6b00000,0x00000000d6b68000,0x00000000d6b80000)
  to   space 512K, 0% used [0x00000000d6b80000,0x00000000d6b80000,0x00000000d6c00000)
 ParOldGen       total 68608K, used 38895K [0x0000000080000000, 0x0000000084300000, 0x00000000d5580000)
  object space 68608K, 56% used [0x0000000080000000,0x00000000825fbfc8,0x0000000084300000)
 Metaspace       used 33046K, committed 33984K, reserved 1114112K
  class space    used 3293K, committed 3712K, reserved 1048576K
}
Event: 21.198 GC heap after
{Heap after GC invocations=59 (full 1):
 PSYoungGen      total 19456K, used 512K [0x00000000d5580000, 0x00000000d7180000, 0x0000000100000000)
  eden space 18944K, 0% used [0x00000000d5580000,0x00000000d5580000,0x00000000d6800000)
  from space 512K, 100% used [0x00000000d6b80000,0x00000000d6c00000,0x00000000d6c00000)
  to   space 3584K, 0% used [0x00000000d6800000,0x00000000d6800000,0x00000000d6b80000)
 ParOldGen       total 68608K, used 41103K [0x0000000080000000, 0x0000000084300000, 0x00000000d5580000)
  object space 68608K, 59% used [0x0000000080000000,0x0000000082823fc8,0x0000000084300000)
 Metaspace       used 33046K, committed 33984K, reserved 1114112K
  class space    used 3293K, committed 3712K, reserved 1048576K
}
Event: 21.275 GC heap before
{Heap before GC invocations=60 (full 1):
 PSYoungGen      total 19456K, used 19456K [0x00000000d5580000, 0x00000000d7180000, 0x0000000100000000)
  eden space 18944K, 100% used [0x00000000d5580000,0x00000000d6800000,0x00000000d6800000)
  from space 512K, 100% used [0x00000000d6b80000,0x00000000d6c00000,0x00000000d6c00000)
  to   space 3584K, 0% used [0x00000000d6800000,0x00000000d6800000,0x00000000d6b80000)
 ParOldGen       total 68608K, used 41103K [0x0000000080000000, 0x0000000084300000, 0x00000000d5580000)
  object space 68608K, 59% used [0x0000000080000000,0x0000000082823fc8,0x0000000084300000)
 Metaspace       used 33110K, committed 34048K, reserved 1114112K
  class space    used 3293K, committed 3712K, reserved 1048576K
}
Event: 21.276 GC heap after
{Heap after GC invocations=60 (full 1):
 PSYoungGen      total 22016K, used 2590K [0x00000000d5580000, 0x00000000d6e00000, 0x0000000100000000)
  eden space 18944K, 0% used [0x00000000d5580000,0x00000000d5580000,0x00000000d6800000)
  from space 3072K, 84% used [0x00000000d6800000,0x00000000d6a87908,0x00000000d6b00000)
  to   space 3072K, 0% used [0x00000000d6b00000,0x00000000d6b00000,0x00000000d6e00000)
 ParOldGen       total 68608K, used 41359K [0x0000000080000000, 0x0000000084300000, 0x00000000d5580000)
  object space 68608K, 60% used [0x0000000080000000,0x0000000082863fc8,0x0000000084300000)
 Metaspace       used 33110K, committed 34048K, reserved 1114112K
  class space    used 3293K, committed 3712K, reserved 1048576K
}
Event: 21.304 GC heap before
{Heap before GC invocations=61 (full 1):
 PSYoungGen      total 22016K, used 21534K [0x00000000d5580000, 0x00000000d6e00000, 0x0000000100000000)
  eden space 18944K, 100% used [0x00000000d5580000,0x00000000d6800000,0x00000000d6800000)
  from space 3072K, 84% used [0x00000000d6800000,0x00000000d6a87908,0x00000000d6b00000)
  to   space 3072K, 0% used [0x00000000d6b00000,0x00000000d6b00000,0x00000000d6e00000)
 ParOldGen       total 68608K, used 41359K [0x0000000080000000, 0x0000000084300000, 0x00000000d5580000)
  object space 68608K, 60% used [0x0000000080000000,0x0000000082863fc8,0x0000000084300000)
 Metaspace       used 33110K, committed 34048K, reserved 1114112K
  class space    used 3293K, committed 3712K, reserved 1048576K
}
Event: 21.307 GC heap after
{Heap after GC invocations=61 (full 1):
 PSYoungGen      total 19456K, used 416K [0x00000000d5580000, 0x00000000d6b80000, 0x0000000100000000)
  eden space 18944K, 0% used [0x00000000d5580000,0x00000000d5580000,0x00000000d6800000)
  from space 512K, 81% used [0x00000000d6b00000,0x00000000d6b68000,0x00000000d6b80000)
  to   space 1536K, 0% used [0x00000000d6880000,0x00000000d6880000,0x00000000d6a00000)
 ParOldGen       total 68608K, used 43814K [0x0000000080000000, 0x0000000084300000, 0x00000000d5580000)
  object space 68608K, 63% used [0x0000000080000000,0x0000000082ac98d0,0x0000000084300000)
 Metaspace       used 33110K, committed 34048K, reserved 1114112K
  class space    used 3293K, committed 3712K, reserved 1048576K
}
Event: 21.363 GC heap before
{Heap before GC invocations=62 (full 1):
 PSYoungGen      total 19456K, used 19359K [0x00000000d5580000, 0x00000000d6b80000, 0x0000000100000000)
  eden space 18944K, 99% used [0x00000000d5580000,0x00000000d67fffa8,0x00000000d6800000)
  from space 512K, 81% used [0x00000000d6b00000,0x00000000d6b68000,0x00000000d6b80000)
  to   space 1536K, 0% used [0x00000000d6880000,0x00000000d6880000,0x00000000d6a00000)
 ParOldGen       total 68608K, used 43814K [0x0000000080000000, 0x0000000084300000, 0x00000000d5580000)
  object space 68608K, 63% used [0x0000000080000000,0x0000000082ac98d0,0x0000000084300000)
 Metaspace       used 33489K, committed 34432K, reserved 1114112K
  class space    used 3318K, committed 3712K, reserved 1048576K
}
Event: 21.365 GC heap after
{Heap after GC invocations=62 (full 1):
 PSYoungGen      total 20480K, used 1376K [0x00000000d5580000, 0x00000000d6c00000, 0x0000000100000000)
  eden space 18944K, 0% used [0x00000000d5580000,0x00000000d5580000,0x00000000d6800000)
  from space 1536K, 89% used [0x00000000d6880000,0x00000000d69d8000,0x00000000d6a00000)
  to   space 2048K, 0% used [0x00000000d6a00000,0x00000000d6a00000,0x00000000d6c00000)
 ParOldGen       total 68608K, used 44110K [0x0000000080000000, 0x0000000084300000, 0x00000000d5580000)
  object space 68608K, 64% used [0x0000000080000000,0x0000000082b138d0,0x0000000084300000)
 Metaspace       used 33489K, committed 34432K, reserved 1114112K
  class space    used 3318K, committed 3712K, reserved 1048576K
}

Dll operation events (10 events):
Event: 0.008 Loaded shared library c:\Users\mp2k5\.vscode\extensions\redhat.java-1.45.0-win32-x64\jre\21.0.8-win32-x86_64\bin\java.dll
Event: 0.025 Loaded shared library c:\Users\mp2k5\.vscode\extensions\redhat.java-1.45.0-win32-x64\jre\21.0.8-win32-x86_64\bin\zip.dll
Event: 0.060 Loaded shared library C:\Users\mp2k5\.vscode\extensions\redhat.java-1.45.0-win32-x64\jre\21.0.8-win32-x86_64\bin\instrument.dll
Event: 0.064 Loaded shared library C:\Users\mp2k5\.vscode\extensions\redhat.java-1.45.0-win32-x64\jre\21.0.8-win32-x86_64\bin\net.dll
Event: 0.065 Loaded shared library C:\Users\mp2k5\.vscode\extensions\redhat.java-1.45.0-win32-x64\jre\21.0.8-win32-x86_64\bin\nio.dll
Event: 0.067 Loaded shared library C:\Users\mp2k5\.vscode\extensions\redhat.java-1.45.0-win32-x64\jre\21.0.8-win32-x86_64\bin\zip.dll
Event: 0.078 Loaded shared library C:\Users\mp2k5\.vscode\extensions\redhat.java-1.45.0-win32-x64\jre\21.0.8-win32-x86_64\bin\jimage.dll
Event: 0.122 Loaded shared library c:\Users\mp2k5\.vscode\extensions\redhat.java-1.45.0-win32-x64\jre\21.0.8-win32-x86_64\bin\verify.dll
Event: 10.258 Loaded shared library C:\Users\mp2k5\AppData\Roaming\Code\User\globalStorage\redhat.java\1.45.0\config_ss_win\org.eclipse.equinox.launcher\org.eclipse.equinox.launcher.win32.win32.x86_64_1.2.1400.v20250801-0854\eclipse_11916.dll
Event: 12.468 Loaded shared library C:\Users\mp2k5\AppData\Local\Temp\jna-104051801\jna2851365011423813047.dll

Deoptimization events (20 events):
Event: 21.381 Thread 0x00000282effca370 DEOPT PACKING pc=0x000002829b231584 sp=0x00000084acbfd990
Event: 21.381 Thread 0x00000282effca370 DEOPT UNPACKING pc=0x000002829a763aa2 sp=0x00000084acbfd928 mode 2
Event: 21.381 Thread 0x00000282effca370 Uncommon trap: trap_request=0xffffffde fr.pc=0x000002829b228424 relative=0x0000000000000e84
Event: 21.381 Thread 0x00000282effca370 Uncommon trap: reason=class_check action=maybe_recompile pc=0x000002829b228424 method=org.eclipse.core.internal.dtree.DeltaDataTree.getChildNodes(Lorg/eclipse/core/runtime/IPath;)[Lorg/eclipse/core/internal/dtree/AbstractDataTreeNode; @ 53 c2
Event: 21.381 Thread 0x00000282effca370 DEOPT PACKING pc=0x000002829b228424 sp=0x00000084acbfd650
Event: 21.381 Thread 0x00000282effca370 DEOPT UNPACKING pc=0x000002829a763aa2 sp=0x00000084acbfd590 mode 2
Event: 21.382 Thread 0x00000282effca370 Uncommon trap: trap_request=0xffffffde fr.pc=0x000002829b228424 relative=0x0000000000000e84
Event: 21.382 Thread 0x00000282effca370 Uncommon trap: reason=class_check action=maybe_recompile pc=0x000002829b228424 method=org.eclipse.core.internal.dtree.DeltaDataTree.getChildNodes(Lorg/eclipse/core/runtime/IPath;)[Lorg/eclipse/core/internal/dtree/AbstractDataTreeNode; @ 53 c2
Event: 21.382 Thread 0x00000282effca370 DEOPT PACKING pc=0x000002829b228424 sp=0x00000084acbfd560
Event: 21.382 Thread 0x00000282effca370 DEOPT UNPACKING pc=0x000002829a763aa2 sp=0x00000084acbfd4a0 mode 2
Event: 21.382 Thread 0x00000282ef1b0f00 DEOPT PACKING pc=0x0000028293d6e994 sp=0x00000084aaefe990
Event: 21.382 Thread 0x00000282ef1b0f00 DEOPT UNPACKING pc=0x000002829a764242 sp=0x00000084aaefde50 mode 0
Event: 21.383 Thread 0x00000282effca370 Uncommon trap: trap_request=0xffffffde fr.pc=0x000002829b228424 relative=0x0000000000000e84
Event: 21.383 Thread 0x00000282effca370 Uncommon trap: reason=class_check action=maybe_recompile pc=0x000002829b228424 method=org.eclipse.core.internal.dtree.DeltaDataTree.getChildNodes(Lorg/eclipse/core/runtime/IPath;)[Lorg/eclipse/core/internal/dtree/AbstractDataTreeNode; @ 53 c2
Event: 21.383 Thread 0x00000282effca370 DEOPT PACKING pc=0x000002829b228424 sp=0x00000084acbfd470
Event: 21.383 Thread 0x00000282effca370 DEOPT UNPACKING pc=0x000002829a763aa2 sp=0x00000084acbfd3b0 mode 2
Event: 21.389 Thread 0x00000282ef1b0f00 DEOPT PACKING pc=0x0000028293d6e994 sp=0x00000084aaefea10
Event: 21.389 Thread 0x00000282ef1b0f00 DEOPT UNPACKING pc=0x000002829a764242 sp=0x00000084aaefded0 mode 0
Event: 21.393 Thread 0x00000282ef1b0f00 DEOPT PACKING pc=0x0000028293d6e994 sp=0x00000084aaefeb10
Event: 21.393 Thread 0x00000282ef1b0f00 DEOPT UNPACKING pc=0x000002829a764242 sp=0x00000084aaefdfd0 mode 0

Classes loaded (20 events):
Event: 15.391 Loading class java/lang/invoke/MethodHandleImpl$Makers
Event: 15.391 Loading class java/lang/invoke/MethodHandleImpl$Makers done
Event: 15.392 Loading class java/lang/invoke/MethodHandleImpl$Makers$1
Event: 15.392 Loading class java/lang/invoke/MethodHandleImpl$Makers$1 done
Event: 15.392 Loading class java/lang/invoke/MethodHandleImpl$Makers$2
Event: 15.392 Loading class java/lang/invoke/MethodHandleImpl$Makers$2 done
Event: 15.392 Loading class java/lang/invoke/MethodHandleImpl$Makers$3
Event: 15.392 Loading class java/lang/invoke/MethodHandleImpl$Makers$3 done
Event: 15.399 Loading class java/lang/runtime/ObjectMethods$1
Event: 15.399 Loading class java/lang/runtime/ObjectMethods$1 done
Event: 15.797 Loading class java/nio/channels/Channels$ReadableByteChannelImpl
Event: 15.798 Loading class java/nio/channels/Channels$ReadableByteChannelImpl done
Event: 15.798 Loading class java/nio/channels/NonWritableChannelException
Event: 15.799 Loading class java/nio/channels/NonWritableChannelException done
Event: 16.974 Loading class java/util/ImmutableCollections$SubList
Event: 16.975 Loading class java/util/ImmutableCollections$SubList done
Event: 21.392 Loading class java/io/FileReader
Event: 21.392 Loading class java/io/FileReader done
Event: 21.393 Loading class java/lang/UnsupportedClassVersionError
Event: 21.393 Loading class java/lang/UnsupportedClassVersionError done

Classes unloaded (7 events):
Event: 13.237 Thread 0x0000028290064120 Unloading class 0x00000282a818c800 'java/lang/invoke/LambdaForm$MH+0x00000282a818c800'
Event: 13.237 Thread 0x0000028290064120 Unloading class 0x00000282a818c400 'java/lang/invoke/LambdaForm$MH+0x00000282a818c400'
Event: 13.237 Thread 0x0000028290064120 Unloading class 0x00000282a818c000 'java/lang/invoke/LambdaForm$MH+0x00000282a818c000'
Event: 13.237 Thread 0x0000028290064120 Unloading class 0x00000282a818bc00 'java/lang/invoke/LambdaForm$MH+0x00000282a818bc00'
Event: 13.237 Thread 0x0000028290064120 Unloading class 0x00000282a818b800 'java/lang/invoke/LambdaForm$BMH+0x00000282a818b800'
Event: 13.237 Thread 0x0000028290064120 Unloading class 0x00000282a818b400 'java/lang/invoke/LambdaForm$DMH+0x00000282a818b400'
Event: 13.237 Thread 0x0000028290064120 Unloading class 0x00000282a818a400 'java/lang/invoke/LambdaForm$DMH+0x00000282a818a400'

Classes redefined (0 events):
No events

Internal exceptions (20 events):
Event: 15.125 Thread 0x00000282effca370 Exception <a 'sun/nio/fs/WindowsException'{0x00000000d6286178}> (0x00000000d6286178) 
thrown [s\src\hotspot\share\prims\jni.cpp, line 520]
Event: 15.125 Thread 0x00000282effca370 Exception <a 'sun/nio/fs/WindowsException'{0x00000000d6286e58}> (0x00000000d6286e58) 
thrown [s\src\hotspot\share\prims\jni.cpp, line 520]
Event: 15.125 Thread 0x00000282effca370 Exception <a 'sun/nio/fs/WindowsException'{0x00000000d6287738}> (0x00000000d6287738) 
thrown [s\src\hotspot\share\prims\jni.cpp, line 520]
Event: 15.164 Thread 0x00000282effca370 Exception <a 'sun/nio/fs/WindowsException'{0x00000000d63afc88}> (0x00000000d63afc88) 
thrown [s\src\hotspot\share\prims\jni.cpp, line 520]
Event: 15.166 Thread 0x00000282effca370 Exception <a 'java/io/FileNotFoundException'{0x00000000d63be040}> (0x00000000d63be040) 
thrown [s\src\hotspot\share\prims\jni.cpp, line 520]
Event: 15.166 Thread 0x00000282effca370 Exception <a 'java/io/FileNotFoundException'{0x00000000d63bf060}> (0x00000000d63bf060) 
thrown [s\src\hotspot\share\prims\jni.cpp, line 520]
Event: 15.250 Thread 0x00000282effca370 Implicit null exception at 0x000002829afe0cf7 to 0x000002829afe0f68
Event: 15.250 Thread 0x00000282effca370 Exception <a 'java/lang/NoSuchMethodError'{0x00000000d65d40c0}: 'long java.lang.invoke.DirectMethodHandle$Holder.invokeStatic(java.lang.Object, java.lang.Object, int)'> (0x00000000d65d40c0) 
thrown [s\src\hotspot\share\interpreter\linkResolver.cpp, line 773]
Event: 15.251 Thread 0x00000282effca370 Exception <a 'java/lang/NoSuchMethodError'{0x00000000d65debb0}: 'java.lang.Object java.lang.invoke.DelegatingMethodHandle$Holder.reinvoke_L(java.lang.Object, int, long, java.lang.Object, java.lang.Object, int, java.lang.Object)'> (0x00000000d65debb0) 
thrown [s\src\hotspot\share\interpreter\linkResolver.cpp, line 773]
Event: 15.387 Thread 0x00000282effca370 Exception <a 'java/lang/NoSuchMethodError'{0x00000000d55a5e28}: 'java.lang.Object java.lang.invoke.DirectMethodHandle$Holder.invokeStaticInit(java.lang.Object, java.lang.Object, java.lang.Object, java.lang.Object, java.lang.Object, java.lang.Object, java.lang.Object)'> (0x00000000d55a5e28) 
thrown [s\src\hotspot\share\interpreter\linkResolver.cpp, line 773]
Event: 15.389 Thread 0x00000282effca370 Exception <a 'java/lang/NoSuchMethodError'{0x00000000d55aaf80}: 'java.lang.Object java.lang.invoke.Invokers$Holder.invoke_MT(java.lang.Object, java.lang.Object, java.lang.Object, java.lang.Object, java.lang.Object, java.lang.Object, java.lang.Object, java.lang.Object, java.lang.Object, java.lang.Object)'> (0x00000000d55aaf80) 
thrown [s\src\hotspot\share\interpreter\linkResolver.cpp, line 773]
Event: 15.399 Thread 0x00000282effca370 Exception <a 'java/lang/NoSuchMethodError'{0x00000000d55ed4c0}: 'int java.lang.invoke.DirectMethodHandle$Holder.invokeStaticInit(java.lang.Object, int, int)'> (0x00000000d55ed4c0) 
thrown [s\src\hotspot\share\interpreter\linkResolver.cpp, line 773]
Event: 15.400 Thread 0x00000282effca370 Exception <a 'java/lang/NoSuchMethodError'{0x00000000d55f4c68}: 'int java.lang.invoke.DirectMethodHandle$Holder.invokeStaticInit(java.lang.Object, long, long)'> (0x00000000d55f4c68) 
thrown [s\src\hotspot\share\interpreter\linkResolver.cpp, line 773]
Event: 15.401 Thread 0x00000282effca370 Exception <a 'java/lang/NoSuchMethodError'{0x00000000d55fb9b0}: 'int java.lang.invoke.DirectMethodHandle$Holder.invokeStaticInit(java.lang.Object, float, float)'> (0x00000000d55fb9b0) 
thrown [s\src\hotspot\share\interpreter\linkResolver.cpp, line 773]
Event: 15.402 Thread 0x00000282effca370 Exception <a 'java/lang/NoSuchMethodError'{0x00000000d56026f0}: 'int java.lang.invoke.DirectMethodHandle$Holder.invokeStaticInit(java.lang.Object, double, double)'> (0x00000000d56026f0) 
thrown [s\src\hotspot\share\interpreter\linkResolver.cpp, line 773]
Event: 15.403 Thread 0x00000282effca370 Exception <a 'java/lang/NoSuchMethodError'{0x00000000d5606f40}: 'int java.lang.invoke.DirectMethodHandle$Holder.invokeStatic(java.lang.Object, long)'> (0x00000000d5606f40) 
thrown [s\src\hotspot\share\interpreter\linkResolver.cpp, line 773]
Event: 15.407 Thread 0x00000282effca370 Exception <a 'java/lang/NoSuchMethodError'{0x00000000d56260a0}: 'int java.lang.invoke.Invokers$Holder.linkToTargetMethod(java.lang.Object, java.lang.Object)'> (0x00000000d56260a0) 
thrown [s\src\hotspot\share\interpreter\linkResolver.cpp, line 773]
Event: 16.206 Thread 0x00000282effca370 Exception <a 'sun/nio/fs/WindowsException'{0x00000000d5ded8c0}> (0x00000000d5ded8c0) 
thrown [s\src\hotspot\share\prims\jni.cpp, line 520]
Event: 21.168 Thread 0x00000282effca370 Implicit null exception at 0x000002829b19a687 to 0x000002829b19a6c0
Event: 21.373 Thread 0x00000282effca370 Implicit null exception at 0x000002829b10ab62 to 0x000002829b10b2d8

ZGC Phase Switch (0 events):
No events

VM Operations (20 events):
Event: 20.930 Executing VM operation: ParallelGCFailedAllocation (Allocation Failure)
Event: 20.931 Executing VM operation: ParallelGCFailedAllocation (Allocation Failure) done
Event: 20.977 Executing VM operation: ParallelGCFailedAllocation (Allocation Failure)
Event: 20.978 Executing VM operation: ParallelGCFailedAllocation (Allocation Failure) done
Event: 21.008 Executing VM operation: ParallelGCFailedAllocation (Allocation Failure)
Event: 21.008 Executing VM operation: ParallelGCFailedAllocation (Allocation Failure) done
Event: 21.054 Executing VM operation: ParallelGCFailedAllocation (Allocation Failure)
Event: 21.055 Executing VM operation: ParallelGCFailedAllocation (Allocation Failure) done
Event: 21.109 Executing VM operation: ParallelGCFailedAllocation (Allocation Failure)
Event: 21.110 Executing VM operation: ParallelGCFailedAllocation (Allocation Failure) done
Event: 21.195 Executing VM operation: ParallelGCFailedAllocation (Allocation Failure)
Event: 21.198 Executing VM operation: ParallelGCFailedAllocation (Allocation Failure) done
Event: 21.275 Executing VM operation: ParallelGCFailedAllocation (Allocation Failure)
Event: 21.277 Executing VM operation: ParallelGCFailedAllocation (Allocation Failure) done
Event: 21.304 Executing VM operation: ParallelGCFailedAllocation (Allocation Failure)
Event: 21.307 Executing VM operation: ParallelGCFailedAllocation (Allocation Failure) done
Event: 21.360 Executing VM operation: HandshakeAllThreads (Deoptimize)
Event: 21.360 Executing VM operation: HandshakeAllThreads (Deoptimize) done
Event: 21.363 Executing VM operation: ParallelGCFailedAllocation (Allocation Failure)
Event: 21.365 Executing VM operation: ParallelGCFailedAllocation (Allocation Failure) done

Memory protections (0 events):
No events

Nmethod flushes (0 events):
No events

Events (20 events):
Event: 16.676 Thread 0x000002829018ad10 Thread exited: 0x000002829018ad10
Event: 16.754 Thread 0x000002829018d5f0 Thread exited: 0x000002829018d5f0
Event: 17.100 Thread 0x0000028290186490 Thread added: 0x000002829018bab0
Event: 17.195 Thread 0x000002829018c850 Thread added: 0x000002829018ad10
Event: 17.195 Thread 0x000002829018c850 Thread added: 0x000002829018b3e0
Event: 17.643 Thread 0x000002829018a640 Thread exited: 0x000002829018a640
Event: 17.659 Thread 0x000002829007cf00 Thread exited: 0x000002829007cf00
Event: 18.276 Thread 0x000002829018ad10 Thread exited: 0x000002829018ad10
Event: 18.276 Thread 0x000002829018bab0 Thread exited: 0x000002829018bab0
Event: 18.276 Thread 0x000002829018b3e0 Thread exited: 0x000002829018b3e0
Event: 18.509 Thread 0x0000028290186490 Thread added: 0x000002829018b3e0
Event: 18.884 Thread 0x0000028290189f70 Thread exited: 0x0000028290189f70
Event: 18.884 Thread 0x000002829018c180 Thread exited: 0x000002829018c180
Event: 18.884 Thread 0x000002829018b3e0 Thread exited: 0x000002829018b3e0
Event: 19.913 Thread 0x000002829018c850 Thread exited: 0x000002829018c850
Event: 21.176 Thread 0x000002829018cf20 Thread added: 0x000002829018c180
Event: 21.198 Thread 0x0000028290186490 Thread added: 0x000002829018d5f0
Event: 21.229 Thread 0x000002829018cf20 Thread added: 0x0000028290189f70
Event: 21.239 Thread 0x000002829018cf20 Thread added: 0x000002829018c850
Event: 21.327 Thread 0x000002829018c850 Thread added: 0x000002829018a640


Dynamic libraries:
0x00007ff7c7d20000 - 0x00007ff7c7d2e000 	c:\Users\mp2k5\.vscode\extensions\redhat.java-1.45.0-win32-x64\jre\21.0.8-win32-x86_64\bin\java.exe
0x00007ff9da5c0000 - 0x00007ff9da829000 	C:\WINDOWS\SYSTEM32\ntdll.dll
0x00007ff9d9a40000 - 0x00007ff9d9b09000 	C:\WINDOWS\System32\KERNEL32.DLL
0x00007ff9d7c80000 - 0x00007ff9d8073000 	C:\WINDOWS\System32\KERNELBASE.dll
0x00007ff9d8080000 - 0x00007ff9d81cb000 	C:\WINDOWS\System32\ucrtbase.dll
0x00007ff989b60000 - 0x00007ff989b78000 	c:\Users\mp2k5\.vscode\extensions\redhat.java-1.45.0-win32-x64\jre\21.0.8-win32-x86_64\bin\jli.dll
0x00007ff9822d0000 - 0x00007ff9822ee000 	c:\Users\mp2k5\.vscode\extensions\redhat.java-1.45.0-win32-x64\jre\21.0.8-win32-x86_64\bin\VCRUNTIME140.dll
0x00007ff9da3b0000 - 0x00007ff9da574000 	C:\WINDOWS\System32\USER32.dll
0x00007ff9b8a50000 - 0x00007ff9b8ce3000 	C:\WINDOWS\WinSxS\amd64_microsoft.windows.common-controls_6595b64144ccf1df_6.0.26100.5074_none_3e0d6f78e32fd63f\COMCTL32.dll
0x00007ff9d7ae0000 - 0x00007ff9d7b07000 	C:\WINDOWS\System32\win32u.dll
0x00007ff9d92d0000 - 0x00007ff9d92fb000 	C:\WINDOWS\System32\GDI32.dll
0x00007ff9d9440000 - 0x00007ff9d94e9000 	C:\WINDOWS\System32\msvcrt.dll
0x00007ff9d81d0000 - 0x00007ff9d82fd000 	C:\WINDOWS\System32\gdi32full.dll
0x00007ff9d7a30000 - 0x00007ff9d7ad3000 	C:\WINDOWS\System32\msvcp_win.dll
0x00007ff9d9400000 - 0x00007ff9d942f000 	C:\WINDOWS\System32\IMM32.DLL
0x00007ff9a8510000 - 0x00007ff9a851c000 	c:\Users\mp2k5\.vscode\extensions\redhat.java-1.45.0-win32-x64\jre\21.0.8-win32-x86_64\bin\vcruntime140_1.dll
0x00007ff951e10000 - 0x00007ff951e9d000 	c:\Users\mp2k5\.vscode\extensions\redhat.java-1.45.0-win32-x64\jre\21.0.8-win32-x86_64\bin\msvcp140.dll
0x00007ff930080000 - 0x00007ff930e17000 	c:\Users\mp2k5\.vscode\extensions\redhat.java-1.45.0-win32-x64\jre\21.0.8-win32-x86_64\bin\server\jvm.dll
0x00007ff9d9730000 - 0x00007ff9d97e4000 	C:\WINDOWS\System32\ADVAPI32.dll
0x00007ff9d97f0000 - 0x00007ff9d9896000 	C:\WINDOWS\System32\sechost.dll
0x00007ff9da290000 - 0x00007ff9da3a8000 	C:\WINDOWS\System32\RPCRT4.dll
0x00007ff9d9b10000 - 0x00007ff9d9b84000 	C:\WINDOWS\System32\WS2_32.dll
0x00007ff9ce6c0000 - 0x00007ff9ce6f5000 	C:\WINDOWS\SYSTEM32\WINMM.dll
0x00007ff9d75b0000 - 0x00007ff9d760e000 	C:\WINDOWS\SYSTEM32\POWRPROF.dll
0x00007ff9c05a0000 - 0x00007ff9c05ab000 	C:\WINDOWS\SYSTEM32\VERSION.dll
0x00007ff9d7590000 - 0x00007ff9d75a4000 	C:\WINDOWS\SYSTEM32\UMPDC.dll
0x00007ff9d6510000 - 0x00007ff9d652b000 	C:\WINDOWS\SYSTEM32\kernel.appcore.dll
0x00007ff9a6e50000 - 0x00007ff9a6e5a000 	c:\Users\mp2k5\.vscode\extensions\redhat.java-1.45.0-win32-x64\jre\21.0.8-win32-x86_64\bin\jimage.dll
0x00007ff9d4dd0000 - 0x00007ff9d5012000 	C:\WINDOWS\SYSTEM32\DBGHELP.DLL
0x00007ff9d9c20000 - 0x00007ff9d9f9b000 	C:\WINDOWS\System32\combase.dll
0x00007ff9da1a0000 - 0x00007ff9da277000 	C:\WINDOWS\System32\OLEAUT32.dll
0x00007ff99edb0000 - 0x00007ff99eded000 	C:\WINDOWS\SYSTEM32\dbgcore.DLL
0x00007ff9d7990000 - 0x00007ff9d7a29000 	C:\WINDOWS\System32\bcryptPrimitives.dll
0x00007ff99e440000 - 0x00007ff99e44f000 	c:\Users\mp2k5\.vscode\extensions\redhat.java-1.45.0-win32-x64\jre\21.0.8-win32-x86_64\bin\instrument.dll
0x00007ff97d380000 - 0x00007ff97d39f000 	c:\Users\mp2k5\.vscode\extensions\redhat.java-1.45.0-win32-x64\jre\21.0.8-win32-x86_64\bin\java.dll
0x00007ff9d8390000 - 0x00007ff9d8add000 	C:\WINDOWS\System32\SHELL32.dll
0x00007ff9d7b10000 - 0x00007ff9d7c7c000 	C:\WINDOWS\System32\wintypes.dll
0x00007ff9d5380000 - 0x00007ff9d5bd9000 	C:\WINDOWS\SYSTEM32\windows.storage.dll
0x00007ff9d8b50000 - 0x00007ff9d8c40000 	C:\WINDOWS\System32\SHCORE.dll
0x00007ff9d8ae0000 - 0x00007ff9d8b42000 	C:\WINDOWS\System32\shlwapi.dll
0x00007ff9d7670000 - 0x00007ff9d7699000 	C:\WINDOWS\SYSTEM32\profapi.dll
0x00007ff977c10000 - 0x00007ff977c28000 	c:\Users\mp2k5\.vscode\extensions\redhat.java-1.45.0-win32-x64\jre\21.0.8-win32-x86_64\bin\zip.dll
0x00007ff9a0a00000 - 0x00007ff9a0a10000 	C:\Users\mp2k5\.vscode\extensions\redhat.java-1.45.0-win32-x64\jre\21.0.8-win32-x86_64\bin\net.dll
0x00007ff9ce230000 - 0x00007ff9ce34f000 	C:\WINDOWS\SYSTEM32\WINHTTP.dll
0x00007ff9d6a90000 - 0x00007ff9d6afb000 	C:\WINDOWS\system32\mswsock.dll
0x00007ff9778b0000 - 0x00007ff9778c6000 	C:\Users\mp2k5\.vscode\extensions\redhat.java-1.45.0-win32-x64\jre\21.0.8-win32-x86_64\bin\nio.dll
0x00007ff995870000 - 0x00007ff995880000 	c:\Users\mp2k5\.vscode\extensions\redhat.java-1.45.0-win32-x64\jre\21.0.8-win32-x86_64\bin\verify.dll
0x00007ff94c3b0000 - 0x00007ff94c3f4000 	C:\Users\mp2k5\AppData\Roaming\Code\User\globalStorage\redhat.java\1.45.0\config_ss_win\org.eclipse.equinox.launcher\org.eclipse.equinox.launcher.win32.win32.x86_64_1.2.1400.v20250801-0854\eclipse_11916.dll
0x00007ff9d98a0000 - 0x00007ff9d9a38000 	C:\WINDOWS\System32\ole32.dll
0x00007ff9d6d50000 - 0x00007ff9d6d6b000 	C:\WINDOWS\SYSTEM32\CRYPTSP.dll
0x00007ff9d6460000 - 0x00007ff9d649b000 	C:\WINDOWS\system32\rsaenh.dll
0x00007ff9d6b30000 - 0x00007ff9d6b5b000 	C:\WINDOWS\SYSTEM32\USERENV.dll
0x00007ff9d7640000 - 0x00007ff9d7666000 	C:\WINDOWS\SYSTEM32\bcrypt.dll
0x00007ff9d6d70000 - 0x00007ff9d6d7c000 	C:\WINDOWS\SYSTEM32\CRYPTBASE.dll
0x00007ff9d6050000 - 0x00007ff9d6084000 	C:\WINDOWS\SYSTEM32\IPHLPAPI.DLL
0x00007ff9d9b90000 - 0x00007ff9d9b9a000 	C:\WINDOWS\System32\NSI.dll
0x00007ff93fc60000 - 0x00007ff93fca9000 	C:\Users\mp2k5\AppData\Local\Temp\jna-104051801\jna2851365011423813047.dll
0x00007ff9d9720000 - 0x00007ff9d9728000 	C:\WINDOWS\System32\PSAPI.DLL
0x00007ff9d0cb0000 - 0x00007ff9d0cce000 	C:\WINDOWS\SYSTEM32\dhcpcsvc6.DLL
0x00007ff9d0c30000 - 0x00007ff9d0c53000 	C:\WINDOWS\SYSTEM32\dhcpcsvc.DLL

JVMTI agents:
c:\Users\mp2k5\.vscode\extensions\redhat.java-1.45.0-win32-x64\lombok\lombok-1.18.39-4050.jar path:c:\Users\mp2k5\.vscode\extensions\redhat.java-1.45.0-win32-x64\jre\21.0.8-win32-x86_64\bin\instrument.dll, loaded, initialized, instrumentlib options:none

dbghelp: loaded successfully - version: 4.0.5 - missing functions: none
symbol engine: initialized successfully - sym options: 0x614 - pdb path: .;c:\Users\mp2k5\.vscode\extensions\redhat.java-1.45.0-win32-x64\jre\21.0.8-win32-x86_64\bin;C:\WINDOWS\SYSTEM32;C:\WINDOWS\WinSxS\amd64_microsoft.windows.common-controls_6595b64144ccf1df_6.0.26100.5074_none_3e0d6f78e32fd63f;c:\Users\mp2k5\.vscode\extensions\redhat.java-1.45.0-win32-x64\jre\21.0.8-win32-x86_64\bin\server;C:\Users\mp2k5\AppData\Roaming\Code\User\globalStorage\redhat.java\1.45.0\config_ss_win\org.eclipse.equinox.launcher\org.eclipse.equinox.launcher.win32.win32.x86_64_1.2.1400.v20250801-0854;C:\Users\mp2k5\AppData\Local\Temp\jna-104051801

VM Arguments:
jvm_args: --add-modules=ALL-SYSTEM --add-opens=java.base/java.util=ALL-UNNAMED --add-opens=java.base/java.lang=ALL-UNNAMED --add-opens=java.base/sun.nio.fs=ALL-UNNAMED -Declipse.application=org.eclipse.jdt.ls.core.id1 -Dosgi.bundles.defaultStartLevel=4 -Declipse.product=org.eclipse.jdt.ls.core.product -Djava.import.generatesMetadataFilesAtProjectRoot=false -DDetectVMInstallationsJob.disabled=true -Dfile.encoding=utf8 -XX:+UseParallelGC -XX:GCTimeRatio=4 -XX:AdaptiveSizePolicyWeight=90 -Dsun.zip.disableMemoryMapping=true -Xmx2G -Xms100m -Xlog:disable -javaagent:c:\Users\mp2k5\.vscode\extensions\redhat.java-1.45.0-win32-x64\lombok\lombok-1.18.39-4050.jar 
java_command: c:\Users\mp2k5\.vscode\extensions\redhat.java-1.45.0-win32-x64\server\plugins\org.eclipse.equinox.launcher_1.7.0.v20250519-0528.jar -configuration c:\Users\mp2k5\AppData\Roaming\Code\User\globalStorage\redhat.java\1.45.0\config_ss_win -data c:\Users\mp2k5\AppData\Roaming\Code\User\workspaceStorage\fdc93686323f34eeea03923134018aa6\redhat.java\ss_ws --pipe=\\.\pipe\lsp-73c31b04af19d2699b8307c72f3fce01-sock
java_class_path (initial): c:\Users\mp2k5\.vscode\extensions\redhat.java-1.45.0-win32-x64\server\plugins\org.eclipse.equinox.launcher_1.7.0.v20250519-0528.jar
Launcher Type: SUN_STANDARD

[Global flags]
    uintx AdaptiveSizePolicyWeight                 = 90                                        {product} {command line}
     intx CICompilerCount                          = 12                                        {product} {ergonomic}
    uintx GCTimeRatio                              = 4                                         {product} {command line}
   size_t InitialHeapSize                          = 104857600                                 {product} {command line}
   size_t MaxHeapSize                              = 2147483648                                {product} {command line}
   size_t MaxNewSize                               = 715653120                                 {product} {ergonomic}
   size_t MinHeapDeltaBytes                        = 524288                                    {product} {ergonomic}
   size_t MinHeapSize                              = 104857600                                 {product} {command line}
   size_t NewSize                                  = 34603008                                  {product} {ergonomic}
    uintx NonNMethodCodeHeapSize                   = 7602480                                {pd product} {ergonomic}
    uintx NonProfiledCodeHeapSize                  = 122027880                              {pd product} {ergonomic}
   size_t OldSize                                  = 70254592                                  {product} {ergonomic}
    uintx ProfiledCodeHeapSize                     = 122027880                              {pd product} {ergonomic}
    uintx ReservedCodeCacheSize                    = 251658240                              {pd product} {ergonomic}
     bool SegmentedCodeCache                       = true                                      {product} {ergonomic}
   size_t SoftMaxHeapSize                          = 2147483648                             {manageable} {ergonomic}
     bool UseCompressedOops                        = true                           {product lp64_product} {ergonomic}
     bool UseLargePagesIndividualAllocation        = false                                  {pd product} {ergonomic}
     bool UseParallelGC                            = true                                      {product} {command line}

Logging:
Log output configuration:
 #0: stdout all=off uptime,level,tags foldmultilines=false
 #1: stderr all=off uptime,level,tags foldmultilines=false

Environment Variables:
JAVA_HOME=C:\Program Files\Java\jdk-23
PATH=C:\Program Files\Common Files\Oracle\Java\javapath;C:\WINDOWS\system32;C:\WINDOWS;C:\WINDOWS\System32\Wbem;C:\WINDOWS\System32\WindowsPowerShell\v1.0\;C:\WINDOWS\System32\OpenSSH\;C:\Program Files\Microsoft SQL Server\150\Tools\Binn\;C:\Program Files\Microsoft SQL Server\Client SDK\ODBC\170\Tools\Binn\;C:\Program Files\dotnet\;C:\Program Files (x86)\Windows Kits\10\Windows Performance Toolkit\;C:\hadoop-3.4.1\bin;C:\hadoop-3.4.1\sbin;C:\Program Files\Java\jdk-23\bin;C:\MinGW\bin;C:\MinGW\msys\1.0\bin;C:\Program Files\Java\jdk-23\bin;C:\Program Files\Git\cmd;C:\composer;C:\Program Files\nodejs\;c:\Users\mp2k5\AppData\Local\Programs\cursor\resources\app\bin;c:\Users\mp2k5\AppData\Local\Programs\cursor\resources\app\bin;c:\Users\mp2k5\AppData\Local\Programs\cursor\resources\app\bin;C:\Users\mp2k5\.console-ninja\.bin;C:\Users\mp2k5\AppData\Local\Programs\Python\Python312\Scripts\;C:\Users\mp2k5\AppData\Local\Programs\Python\Python312\;C:\Users\mp2k5\AppData\Local\Programs\Python\Launcher\;C:\Users\mp2k5\AppData\Local\Microsoft\WindowsApps;C:\Users\mp2k5\AppData\Local\Programs\Microsoft VS Code\bin;C:\Flutter\flutter\bin;C:\Users\mp2k5\.dotnet\tools;C:\MinGW\bin;C:\MinGW\msys\1.0\bin;C:\Program Files\Java\jdk-23\bin;C:\xampp\php;C:\Users\mp2k5\AppData\Roaming\Composer\vendor\bin;C:\Program Files\JetBrains\IntelliJ IDEA 2024.3.4.1\bin;C:\Program Files\JetBrains\IntelliJ IDEA Community Edition 2024.3.4.1\bin;C:\Users\mp2k5\AppData\Local\Microsoft\WinGet\Links;C:\Users\mp2k5\AppData\Local\fnm;C:\Users\mp2k5\AppData\Roaming\npm;C:\Users\mp2k5\AppData\Local\GitHubDesktop\bin;C:\Users\mp2k5\AppData\Local\Microsoft\WindowsApps;C:\Users\mp2k5\anaconda3;C:\Users\mp2k5\anaconda3\Scripts;C:\Users\mp2k5\anaconda3\Library\bin;C:\Users\mp2k5\AppData\Local\Programs\cursor\resources\app\bin;C:\Users\mp2k5\AppData\Local\spicetify
USERNAME=mp2k5
OS=Windows_NT
PROCESSOR_IDENTIFIER=Intel64 Family 6 Model 186 Stepping 2, GenuineIntel
TMP=C:\Users\mp2k5\AppData\Local\Temp
TEMP=C:\Users\mp2k5\AppData\Local\Temp




Periodic native trim disabled

---------------  S Y S T E M  ---------------

OS:
 Windows 11 , 64 bit Build 26100 (10.0.26100.5074)
OS uptime: 2 days 20:14 hours
Hyper-V role detected

CPU: total 16 (initial active 16) (8 cores per cpu, 2 threads per core) family 6 model 186 stepping 2 microcode 0x410e, cx8, cmov, fxsr, ht, mmx, 3dnowpref, sse, sse2, sse3, ssse3, sse4.1, sse4.2, popcnt, lzcnt, tsc, tscinvbit, avx, avx2, aes, erms, clmul, bmi1, bmi2, adx, sha, fma, vzeroupper, clflush, clflushopt, clwb, hv, serialize, rdtscp, rdpid, fsrm, f16c, cet_ibt, cet_ss
Processor Information for processor 0
  Max Mhz: 2600, Current Mhz: 2600, Mhz Limit: 2600
Processor Information for processor 1
  Max Mhz: 2600, Current Mhz: 2600, Mhz Limit: 2600
Processor Information for processor 2
  Max Mhz: 2600, Current Mhz: 2600, Mhz Limit: 2600
Processor Information for processor 3
  Max Mhz: 2600, Current Mhz: 2600, Mhz Limit: 2600
Processor Information for processor 4
  Max Mhz: 2600, Current Mhz: 2600, Mhz Limit: 2600
Processor Information for processor 5
  Max Mhz: 2600, Current Mhz: 2600, Mhz Limit: 2600
Processor Information for processor 6
  Max Mhz: 2600, Current Mhz: 2600, Mhz Limit: 2600
Processor Information for processor 7
  Max Mhz: 2600, Current Mhz: 2600, Mhz Limit: 2600
Processor Information for processor 8
  Max Mhz: 2600, Current Mhz: 1900, Mhz Limit: 1898
Processor Information for processor 9
  Max Mhz: 2600, Current Mhz: 1900, Mhz Limit: 1898
Processor Information for processor 10
  Max Mhz: 2600, Current Mhz: 1900, Mhz Limit: 1898
Processor Information for processor 11
  Max Mhz: 2600, Current Mhz: 1300, Mhz Limit: 1898
Processor Information for processor 12
  Max Mhz: 2600, Current Mhz: 1900, Mhz Limit: 1898
Processor Information for processor 13
  Max Mhz: 2600, Current Mhz: 1900, Mhz Limit: 1898
Processor Information for processor 14
  Max Mhz: 2600, Current Mhz: 1900, Mhz Limit: 1898
Processor Information for processor 15
  Max Mhz: 2600, Current Mhz: 1900, Mhz Limit: 1898

Memory: 4k page, system-wide physical 16107M (830M free)
TotalPageFile size 36485M (AvailPageFile size 5M)
current process WorkingSet (physical memory assigned to process): 220M, peak: 220M
current process commit charge ("private bytes"): 332M, peak: 335M

vm_info: OpenJDK 64-Bit Server VM (21.0.8+9-LTS) for windows-amd64 JRE (21.0.8+9-LTS), built on 2025-07-15T00:00:00Z by "admin" with MS VC++ 17.7 (VS2022)

END.
