#
# There is insufficient memory for the Java Runtime Environment to continue.
# Native memory allocation (malloc) failed to allocate 1154416 bytes. Error detail: Chunk::new
# Possible reasons:
#   The system is out of physical RAM or swap space
#   This process is running with CompressedOops enabled, and the Java Heap may be blocking the growth of the native heap
# Possible solutions:
#   Reduce memory load on the system
#   Increase physical memory or swap space
#   Check if swap backing store is full
#   Decrease Java heap size (-Xmx/-Xms)
#   Decrease number of Java threads
#   Decrease Java thread stack sizes (-Xss)
#   Set larger code cache with -XX:ReservedCodeCacheSize=
#   JVM is running with Unscaled Compressed Oops mode in which the Java heap is
#     placed in the first 4GB address space. The Java Heap base address is the
#     maximum limit for the native heap growth. Please use -XX:HeapBaseMinAddress
#     to set the Java Heap base and to place the Java Heap above 4GB virtual address.
# This output file may be truncated or incomplete.
#
#  Out of Memory Error (arena.cpp:168), pid=45260, tid=40364
#
# JRE version: OpenJDK Runtime Environment Temurin-21.0.8+9 (21.0.8+9) (build 21.0.8+9-LTS)
# Java VM: OpenJDK 64-Bit Server VM Temurin-21.0.8+9 (21.0.8+9-LTS, mixed mode, sharing, tiered, compressed oops, compressed class ptrs, parallel gc, windows-amd64)
# No core dump will be written. Minidumps are not enabled by default on client versions of Windows
#

---------------  S U M M A R Y ------------

Command Line: --add-modules=ALL-SYSTEM --add-opens=java.base/java.util=ALL-UNNAMED --add-opens=java.base/java.lang=ALL-UNNAMED --add-opens=java.base/sun.nio.fs=ALL-UNNAMED -Declipse.application=org.eclipse.jdt.ls.core.id1 -Dosgi.bundles.defaultStartLevel=4 -Declipse.product=org.eclipse.jdt.ls.core.product -Djava.import.generatesMetadataFilesAtProjectRoot=false -DDetectVMInstallationsJob.disabled=true -Dfile.encoding=utf8 -XX:+UseParallelGC -XX:GCTimeRatio=4 -XX:AdaptiveSizePolicyWeight=90 -Dsun.zip.disableMemoryMapping=true -Xmx2G -Xms100m -Xlog:disable -javaagent:c:\Users\mp2k5\.vscode\extensions\redhat.java-1.45.0-win32-x64\lombok\lombok-1.18.39-4050.jar c:\Users\mp2k5\.vscode\extensions\redhat.java-1.45.0-win32-x64\server\plugins\org.eclipse.equinox.launcher_1.7.0.v20250519-0528.jar -configuration c:\Users\mp2k5\AppData\Roaming\Code\User\globalStorage\redhat.java\1.45.0\config_ss_win -data c:\Users\mp2k5\AppData\Roaming\Code\User\workspaceStorage\fdc93686323f34eeea03923134018aa6\redhat.java\ss_ws --pipe=\\.\pipe\lsp-395f8d8ab50eff39bf888a3f9e434378-sock

Host: 13th Gen Intel(R) Core(TM) i5-13500H, 16 cores, 15G,  Windows 11 , 64 bit Build 26100 (10.0.26100.5074)
Time: Wed Oct  1 12:41:33 2025 SE Asia Standard Time elapsed time: 10.381889 seconds (0d 0h 0m 10s)

---------------  T H R E A D  ---------------

Current thread (0x000001e16f3152e0):  JavaThread "C2 CompilerThread4" daemon [_thread_in_native, id=40364, stack(0x0000002cc3d00000,0x0000002cc3e00000) (1024K)]


Current CompileTask:
C2:10382 4714   !   4       org.eclipse.osgi.internal.loader.classpath.ClasspathManager::findLocalClass (210 bytes)

Stack: [0x0000002cc3d00000,0x0000002cc3e00000]
Native frames: (J=compiled Java code, j=interpreted, Vv=VM code, C=native code)
V  [jvm.dll+0x6d2449]
V  [jvm.dll+0x8ae341]
V  [jvm.dll+0x8b08be]
V  [jvm.dll+0x8b0fa3]
V  [jvm.dll+0x280c96]
V  [jvm.dll+0xc581d]
V  [jvm.dll+0xc5d53]
V  [jvm.dll+0x3b9162]
V  [jvm.dll+0x385315]
V  [jvm.dll+0x38477a]
V  [jvm.dll+0x248ed0]
V  [jvm.dll+0x2484af]
V  [jvm.dll+0x1c89ee]
V  [jvm.dll+0x257d4d]
V  [jvm.dll+0x2562ea]
V  [jvm.dll+0x3f2d16]
V  [jvm.dll+0x857e6b]
V  [jvm.dll+0x6d0b0d]
C  [ucrtbase.dll+0x37b0]
C  [KERNEL32.DLL+0x2e8d7]
C  [ntdll.dll+0x8d9c]


---------------  P R O C E S S  ---------------

Threads class SMR info:
_java_thread_list=0x000001e16979a830, length=52, elements={
0x000001e10eacd820, 0x000001e12556e860, 0x000001e167c26600, 0x000001e167c2a7c0,
0x000001e167c2b540, 0x000001e167c2e170, 0x000001e167c2ed90, 0x000001e167c3a2e0,
0x000001e167c5fff0, 0x000001e167d3f9d0, 0x000001e167dd86e0, 0x000001e167dd8d80,
0x000001e167f82a10, 0x000001e16e3d5100, 0x000001e16e136390, 0x000001e16e16f550,
0x000001e16e0981e0, 0x000001e16e5c9470, 0x000001e16e6228e0, 0x000001e16e488470,
0x000001e16e60f5e0, 0x000001e16e6123d0, 0x000001e16e60fc70, 0x000001e16e611d40,
0x000001e16e60ef50, 0x000001e16e610300, 0x000001e16e610990, 0x000001e16e611020,
0x000001e16e6116b0, 0x000001e16f7265a0, 0x000001e16f726c30, 0x000001e16f7272c0,
0x000001e16f727950, 0x000001e16f727fe0, 0x000001e16f728670, 0x000001e16f728d00,
0x000001e16f725f10, 0x000001e16f725880, 0x000001e16f72c180, 0x000001e16f72a740,
0x000001e16f72add0, 0x000001e16f72b460, 0x000001e16f72c810, 0x000001e16f729a20,
0x000001e16f729390, 0x000001e16f72baf0, 0x000001e16f72cea0, 0x000001e16fd8ce20,
0x000001e16fd8d4c0, 0x000001e1708917a0, 0x000001e16f3152e0, 0x000001e16f72a0b0
}

Java Threads: ( => current thread )
  0x000001e10eacd820 JavaThread "main"                              [_thread_blocked, id=29276, stack(0x0000002cbfa00000,0x0000002cbfb00000) (1024K)]
  0x000001e12556e860 JavaThread "Reference Handler"          daemon [_thread_blocked, id=18728, stack(0x0000002cbfe00000,0x0000002cbff00000) (1024K)]
  0x000001e167c26600 JavaThread "Finalizer"                  daemon [_thread_blocked, id=31564, stack(0x0000002cbff00000,0x0000002cc0000000) (1024K)]
  0x000001e167c2a7c0 JavaThread "Signal Dispatcher"          daemon [_thread_blocked, id=35272, stack(0x0000002cc0000000,0x0000002cc0100000) (1024K)]
  0x000001e167c2b540 JavaThread "Attach Listener"            daemon [_thread_blocked, id=44448, stack(0x0000002cc0100000,0x0000002cc0200000) (1024K)]
  0x000001e167c2e170 JavaThread "Service Thread"             daemon [_thread_blocked, id=2664, stack(0x0000002cc0200000,0x0000002cc0300000) (1024K)]
  0x000001e167c2ed90 JavaThread "Monitor Deflation Thread"   daemon [_thread_blocked, id=38808, stack(0x0000002cc0300000,0x0000002cc0400000) (1024K)]
  0x000001e167c3a2e0 JavaThread "C2 CompilerThread0"         daemon [_thread_blocked, id=31452, stack(0x0000002cc0400000,0x0000002cc0500000) (1024K)]
  0x000001e167c5fff0 JavaThread "C1 CompilerThread0"         daemon [_thread_blocked, id=11388, stack(0x0000002cc0500000,0x0000002cc0600000) (1024K)]
  0x000001e167d3f9d0 JavaThread "Common-Cleaner"             daemon [_thread_blocked, id=7612, stack(0x0000002cc0600000,0x0000002cc0700000) (1024K)]
  0x000001e167dd86e0 JavaThread "C1 CompilerThread1"         daemon [_thread_blocked, id=29056, stack(0x0000002cc0700000,0x0000002cc0800000) (1024K)]
  0x000001e167dd8d80 JavaThread "C1 CompilerThread2"         daemon [_thread_blocked, id=6368, stack(0x0000002cc0800000,0x0000002cc0900000) (1024K)]
  0x000001e167f82a10 JavaThread "Notification Thread"        daemon [_thread_blocked, id=28536, stack(0x0000002cc0c00000,0x0000002cc0d00000) (1024K)]
  0x000001e16e3d5100 JavaThread "Active Thread: Equinox Container: 62e1e196-b8ff-4b04-9a88-b117adf001de"        [_thread_blocked, id=24556, stack(0x0000002cc1400000,0x0000002cc1500000) (1024K)]
  0x000001e16e136390 JavaThread "Framework Event Dispatcher: Equinox Container: 62e1e196-b8ff-4b04-9a88-b117adf001de" daemon [_thread_blocked, id=41724, stack(0x0000002cc1500000,0x0000002cc1600000) (1024K)]
  0x000001e16e16f550 JavaThread "Start Level: Equinox Container: 62e1e196-b8ff-4b04-9a88-b117adf001de" daemon [_thread_blocked, id=40800, stack(0x0000002cc1700000,0x0000002cc1800000) (1024K)]
  0x000001e16e0981e0 JavaThread "SCR Component Actor"        daemon [_thread_blocked, id=7124, stack(0x0000002cc1800000,0x0000002cc1900000) (1024K)]
  0x000001e16e5c9470 JavaThread "Worker-JM"                         [_thread_blocked, id=10520, stack(0x0000002cc0a00000,0x0000002cc0b00000) (1024K)]
  0x000001e16e6228e0 JavaThread "JNA Cleaner"                daemon [_thread_blocked, id=14524, stack(0x0000002cc1c00000,0x0000002cc1d00000) (1024K)]
  0x000001e16e488470 JavaThread "Worker-0: Building"                [_thread_in_vm, id=44476, stack(0x0000002cc1d00000,0x0000002cc1e00000) (1024K)]
  0x000001e16e60f5e0 JavaThread "Worker-1"                          [_thread_blocked, id=37216, stack(0x0000002cc1e00000,0x0000002cc1f00000) (1024K)]
  0x000001e16e6123d0 JavaThread "Worker-2"                          [_thread_blocked, id=20888, stack(0x0000002cc2400000,0x0000002cc2500000) (1024K)]
  0x000001e16e60fc70 JavaThread "Thread-2"                   daemon [_thread_in_native, id=37372, stack(0x0000002cc2700000,0x0000002cc2800000) (1024K)]
  0x000001e16e611d40 JavaThread "Thread-3"                   daemon [_thread_in_native, id=11552, stack(0x0000002cc2800000,0x0000002cc2900000) (1024K)]
  0x000001e16e60ef50 JavaThread "Thread-4"                   daemon [_thread_in_native, id=43428, stack(0x0000002cc2900000,0x0000002cc2a00000) (1024K)]
  0x000001e16e610300 JavaThread "Thread-5"                   daemon [_thread_in_native, id=4700, stack(0x0000002cc2a00000,0x0000002cc2b00000) (1024K)]
  0x000001e16e610990 JavaThread "Thread-6"                   daemon [_thread_in_native, id=44652, stack(0x0000002cc2b00000,0x0000002cc2c00000) (1024K)]
  0x000001e16e611020 JavaThread "Thread-7"                   daemon [_thread_in_native, id=44048, stack(0x0000002cc2c00000,0x0000002cc2d00000) (1024K)]
  0x000001e16e6116b0 JavaThread "Thread-8"                   daemon [_thread_in_native, id=9548, stack(0x0000002cc2d00000,0x0000002cc2e00000) (1024K)]
  0x000001e16f7265a0 JavaThread "Thread-9"                   daemon [_thread_in_native, id=45040, stack(0x0000002cc2e00000,0x0000002cc2f00000) (1024K)]
  0x000001e16f726c30 JavaThread "Thread-10"                  daemon [_thread_in_native, id=37972, stack(0x0000002cc2f00000,0x0000002cc3000000) (1024K)]
  0x000001e16f7272c0 JavaThread "Thread-11"                  daemon [_thread_in_native, id=31084, stack(0x0000002cc3000000,0x0000002cc3100000) (1024K)]
  0x000001e16f727950 JavaThread "Thread-12"                  daemon [_thread_in_native, id=43264, stack(0x0000002cc3100000,0x0000002cc3200000) (1024K)]
  0x000001e16f727fe0 JavaThread "Thread-13"                  daemon [_thread_in_native, id=11120, stack(0x0000002cc3200000,0x0000002cc3300000) (1024K)]
  0x000001e16f728670 JavaThread "Thread-14"                  daemon [_thread_in_native, id=3968, stack(0x0000002cc3300000,0x0000002cc3400000) (1024K)]
  0x000001e16f728d00 JavaThread "Thread-15"                  daemon [_thread_in_native, id=28104, stack(0x0000002cc3400000,0x0000002cc3500000) (1024K)]
  0x000001e16f725f10 JavaThread "Thread-16"                  daemon [_thread_in_native, id=5292, stack(0x0000002cc3500000,0x0000002cc3600000) (1024K)]
  0x000001e16f725880 JavaThread "Thread-17"                  daemon [_thread_in_native, id=23724, stack(0x0000002cc3600000,0x0000002cc3700000) (1024K)]
  0x000001e16f72c180 JavaThread "Thread-18"                  daemon [_thread_in_native, id=26280, stack(0x0000002cc3700000,0x0000002cc3800000) (1024K)]
  0x000001e16f72a740 JavaThread "pool-2-thread-1"                   [_thread_blocked, id=41596, stack(0x0000002cc3800000,0x0000002cc3900000) (1024K)]
  0x000001e16f72add0 JavaThread "WorkspaceEventsHandler"            [_thread_blocked, id=5452, stack(0x0000002cc3900000,0x0000002cc3a00000) (1024K)]
  0x000001e16f72b460 JavaThread "pool-1-thread-1"                   [_thread_blocked, id=38456, stack(0x0000002cc3a00000,0x0000002cc3b00000) (1024K)]
  0x000001e16f72c810 JavaThread "LocalFile Deleter"          daemon [_thread_blocked, id=27392, stack(0x0000002cc0900000,0x0000002cc0a00000) (1024K)]
  0x000001e16f729a20 JavaThread "LocalFile Deleter"          daemon [_thread_blocked, id=780, stack(0x0000002cc1a00000,0x0000002cc1b00000) (1024K)]
  0x000001e16f729390 JavaThread "LocalFile Deleter"          daemon [_thread_blocked, id=13464, stack(0x0000002cc1b00000,0x0000002cc1c00000) (1024K)]
  0x000001e16f72baf0 JavaThread "LocalFile Deleter"          daemon [_thread_blocked, id=35916, stack(0x0000002cc2200000,0x0000002cc2300000) (1024K)]
  0x000001e16f72cea0 JavaThread "LocalFile Deleter"          daemon [_thread_blocked, id=25832, stack(0x0000002cc2300000,0x0000002cc2400000) (1024K)]
  0x000001e16fd8ce20 JavaThread "C2 CompilerThread1"         daemon [_thread_blocked, id=32540, stack(0x0000002cc1300000,0x0000002cc1400000) (1024K)]
  0x000001e16fd8d4c0 JavaThread "C2 CompilerThread2"         daemon [_thread_blocked, id=19536, stack(0x0000002cc3b00000,0x0000002cc3c00000) (1024K)]
  0x000001e1708917a0 JavaThread "C2 CompilerThread3"         daemon [_thread_blocked, id=3340, stack(0x0000002cc3c00000,0x0000002cc3d00000) (1024K)]
=>0x000001e16f3152e0 JavaThread "C2 CompilerThread4"         daemon [_thread_in_native, id=40364, stack(0x0000002cc3d00000,0x0000002cc3e00000) (1024K)]
  0x000001e16f72a0b0 JavaThread "Compiler Source File Reader" daemon [_thread_blocked, id=37324, stack(0x0000002cc3f00000,0x0000002cc4000000) (1024K)]
Total: 52

Other Threads:
  0x000001e125554930 VMThread "VM Thread"                           [id=26452, stack(0x0000002cbfd00000,0x0000002cbfe00000) (1024K)]
  0x000001e12544ca00 WatcherThread "VM Periodic Task Thread"        [id=24792, stack(0x0000002cbfc00000,0x0000002cbfd00000) (1024K)]
  0x000001e10eaec370 WorkerThread "GC Thread#0"                     [id=20756, stack(0x0000002cbfb00000,0x0000002cbfc00000) (1024K)]
  0x000001e16e01f520 WorkerThread "GC Thread#1"                     [id=13900, stack(0x0000002cc0d00000,0x0000002cc0e00000) (1024K)]
  0x000001e16e01a920 WorkerThread "GC Thread#2"                     [id=18564, stack(0x0000002cc0e00000,0x0000002cc0f00000) (1024K)]
  0x000001e167fb8840 WorkerThread "GC Thread#3"                     [id=2992, stack(0x0000002cc0f00000,0x0000002cc1000000) (1024K)]
  0x000001e167fb8be0 WorkerThread "GC Thread#4"                     [id=6640, stack(0x0000002cc1000000,0x0000002cc1100000) (1024K)]
  0x000001e167fb8f80 WorkerThread "GC Thread#5"                     [id=17284, stack(0x0000002cc1100000,0x0000002cc1200000) (1024K)]
  0x000001e167fb9320 WorkerThread "GC Thread#6"                     [id=44676, stack(0x0000002cc1200000,0x0000002cc1300000) (1024K)]
  0x000001e16e1369f0 WorkerThread "GC Thread#7"                     [id=45264, stack(0x0000002cc1600000,0x0000002cc1700000) (1024K)]
  0x000001e16e2cd180 WorkerThread "GC Thread#8"                     [id=43460, stack(0x0000002cc0b00000,0x0000002cc0c00000) (1024K)]
  0x000001e16e2cd520 WorkerThread "GC Thread#9"                     [id=42244, stack(0x0000002cc1900000,0x0000002cc1a00000) (1024K)]
  0x000001e16e5d3500 WorkerThread "GC Thread#10"                    [id=9296, stack(0x0000002cc1f00000,0x0000002cc2000000) (1024K)]
  0x000001e16e5d2680 WorkerThread "GC Thread#11"                    [id=8308, stack(0x0000002cc2000000,0x0000002cc2100000) (1024K)]
  0x000001e16e5d2a20 WorkerThread "GC Thread#12"                    [id=39084, stack(0x0000002cc2100000,0x0000002cc2200000) (1024K)]
Total: 15

Threads with active compile tasks:
C2 CompilerThread4  10425 4714   !   4       org.eclipse.osgi.internal.loader.classpath.ClasspathManager::findLocalClass (210 bytes)
Total: 1

VM state: not at safepoint (normal execution)

VM Mutex/Monitor currently owned by a thread:  ([mutex/lock_event])
[0x00007ff930d33458] Metaspace_lock - owner thread: 0x000001e16e488470

Heap address: 0x0000000080000000, size: 2048 MB, Compressed Oops mode: 32-bit

CDS archive(s) mapped at: [0x000001e126000000-0x000001e126ba0000-0x000001e126ba0000), size 12189696, SharedBaseAddress: 0x000001e126000000, ArchiveRelocationMode: 1.
Compressed class space mapped at: 0x000001e127000000-0x000001e167000000, reserved size: 1073741824
Narrow klass base: 0x000001e126000000, Narrow klass shift: 0, Narrow klass range: 0x100000000

GC Precious Log:
 CardTable entry size: 512
 CPUs: 16 total, 16 available
 Memory: 16107M
 Large Page Support: Disabled
 NUMA Support: Disabled
 Compressed Oops: Enabled (32-bit)
 Alignments: Space 512K, Generation 512K, Heap 2M
 Heap Min Capacity: 100M
 Heap Initial Capacity: 100M
 Heap Max Capacity: 2G
 Pre-touch: Disabled
 Parallel Workers: 13

Heap:
 PSYoungGen      total 24576K, used 15692K [0x00000000d5580000, 0x00000000d7000000, 0x0000000100000000)
  eden space 22016K, 61% used [0x00000000d5580000,0x00000000d62d30c0,0x00000000d6b00000)
  from space 2560K, 80% used [0x00000000d6d80000,0x00000000d6f80000,0x00000000d7000000)
  to   space 2560K, 0% used [0x00000000d6b00000,0x00000000d6b00000,0x00000000d6d80000)
 ParOldGen       total 68608K, used 26629K [0x0000000080000000, 0x0000000084300000, 0x00000000d5580000)
  object space 68608K, 38% used [0x0000000080000000,0x0000000081a014c0,0x0000000084300000)
 Metaspace       used 34755K, committed 35712K, reserved 1114112K
  class space    used 3501K, committed 3904K, reserved 1048576K

Card table byte_map: [0x000001e10e470000,0x000001e10e880000] _byte_map_base: 0x000001e10e070000

Marking Bits: (ParMarkBitMap*) 0x00007ff930d3a340
 Begin Bits: [0x000001e120f70000, 0x000001e122f70000)
 End Bits:   [0x000001e122f70000, 0x000001e124f70000)

Polling page: 0x000001e10cca0000

Metaspace:

Usage:
  Non-class:     30.52 MB used.
      Class:      3.42 MB used.
       Both:     33.94 MB used.

Virtual space:
  Non-class space:       64.00 MB reserved,      31.06 MB ( 49%) committed,  1 nodes.
      Class space:        1.00 GB reserved,       3.81 MB ( <1%) committed,  1 nodes.
             Both:        1.06 GB reserved,      34.88 MB (  3%) committed. 

Chunk freelists:
   Non-Class:  496.00 KB
       Class:  12.14 MB
        Both:  12.62 MB

MaxMetaspaceSize: unlimited
CompressedClassSpaceSize: 1.00 GB
Initial GC threshold: 21.00 MB
Current GC threshold: 35.00 MB
CDS: on
 - commit_granule_bytes: 65536.
 - commit_granule_words: 8192.
 - virtual_space_node_default_size: 8388608.
 - enlarge_chunks_in_place: 1.
 - use_allocation_guard: 0.


Internal statistics:

num_allocs_failed_limit: 3.
num_arena_births: 666.
num_arena_deaths: 14.
num_vsnodes_births: 2.
num_vsnodes_deaths: 0.
num_space_committed: 558.
num_space_uncommitted: 0.
num_chunks_returned_to_freelist: 17.
num_chunks_taken_from_freelist: 2063.
num_chunk_merges: 7.
num_chunk_splits: 1344.
num_chunks_enlarged: 842.
num_inconsistent_stats: 0.

CodeHeap 'non-profiled nmethods': size=119168Kb used=2821Kb max_used=2821Kb free=116346Kb
 bounds [0x000001e119860000, 0x000001e119b30000, 0x000001e120cc0000]
CodeHeap 'profiled nmethods': size=119104Kb used=9596Kb max_used=9596Kb free=109507Kb
 bounds [0x000001e111cc0000, 0x000001e112620000, 0x000001e119110000]
CodeHeap 'non-nmethods': size=7488Kb used=2492Kb max_used=3088Kb free=4995Kb
 bounds [0x000001e119110000, 0x000001e119420000, 0x000001e119860000]
CodeCache: size=245760Kb, used=14909Kb, max_used=15505Kb, free=230848Kb
 total_blobs=5450, nmethods=4782, adapters=571, full_count=0
Compilation: enabled, stopped_count=0, restarted_count=0

Compilation events (20 events):
Event: 10.331 Thread 0x000001e167dd8d80 4770       3       org.eclipse.jdt.internal.compiler.impl.IrritantSet::clear (22 bytes)
Event: 10.332 Thread 0x000001e167dd8d80 nmethod 4770 0x000001e112604190 code [0x000001e112604340, 0x000001e112604490]
Event: 10.341 Thread 0x000001e167dd8d80 4771 %     3       java.util.Properties::load0 @ 29 (249 bytes)
Event: 10.341 Thread 0x000001e167c5fff0 4772       3       java.util.Properties$LineReader::readLine (584 bytes)
Event: 10.342 Thread 0x000001e167dd8d80 nmethod 4771% 0x000001e112604590 code [0x000001e1126047e0, 0x000001e1126052e8]
Event: 10.342 Thread 0x000001e167dd86e0 4773       3       java.util.Properties::load0 (249 bytes)
Event: 10.343 Thread 0x000001e167dd8d80 4774   !   3       jdk.internal.reflect.MethodHandleObjectFieldAccessorImpl::get (46 bytes)
Event: 10.343 Thread 0x000001e167dd86e0 nmethod 4773 0x000001e112605690 code [0x000001e1126058e0, 0x000001e112606260]
Event: 10.343 Thread 0x000001e167c5fff0 nmethod 4772 0x000001e112606590 code [0x000001e112606980, 0x000001e112609238]
Event: 10.344 Thread 0x000001e167dd8d80 nmethod 4774 0x000001e112609f10 code [0x000001e11260a1c0, 0x000001e11260aea0]
Event: 10.364 Thread 0x000001e167dd8d80 4775       3       java.net.URI::<init> (23 bytes)
Event: 10.365 Thread 0x000001e167dd8d80 nmethod 4775 0x000001e11260b610 code [0x000001e11260b7e0, 0x000001e11260bb08]
Event: 10.370 Thread 0x000001e167dd8d80 4780       3       java.lang.Long::parseLong (272 bytes)
Event: 10.371 Thread 0x000001e167dd86e0 4781       3       java.io.FileDescriptor::valid (25 bytes)
Event: 10.372 Thread 0x000001e167c5fff0 4782       3       org.eclipse.core.internal.resources.ProjectPreferences::getLoadLevel (59 bytes)
Event: 10.372 Thread 0x000001e167dd86e0 nmethod 4781 0x000001e11260bc90 code [0x000001e11260be40, 0x000001e11260bfe0]
Event: 10.372 Thread 0x000001e167c5fff0 nmethod 4782 0x000001e11260c090 code [0x000001e11260c2a0, 0x000001e11260c928]
Event: 10.372 Thread 0x000001e167dd8d80 nmethod 4780 0x000001e11260cb90 code [0x000001e11260d000, 0x000001e11260edb0]
Event: 10.375 Thread 0x000001e167dd8d80 4783   !   3       org.eclipse.core.internal.resources.ProjectPreferences::silentLoad (65 bytes)
Event: 10.375 Thread 0x000001e167dd8d80 nmethod 4783 0x000001e11260fa10 code [0x000001e11260fc40, 0x000001e112610638]

GC Heap History (20 events):
Event: 4.205 GC heap before
{Heap before GC invocations=8 (full 1):
 PSYoungGen      total 30208K, used 25088K [0x00000000d5580000, 0x00000000d7800000, 0x0000000100000000)
  eden space 25088K, 100% used [0x00000000d5580000,0x00000000d6e00000,0x00000000d6e00000)
  from space 5120K, 0% used [0x00000000d7300000,0x00000000d7300000,0x00000000d7800000)
  to   space 5120K, 0% used [0x00000000d6e00000,0x00000000d6e00000,0x00000000d7300000)
 ParOldGen       total 68608K, used 9021K [0x0000000080000000, 0x0000000084300000, 0x00000000d5580000)
  object space 68608K, 13% used [0x0000000080000000,0x00000000808cf498,0x0000000084300000)
 Metaspace       used 23212K, committed 23872K, reserved 1114112K
  class space    used 2241K, committed 2560K, reserved 1048576K
}
Event: 4.208 GC heap after
{Heap after GC invocations=8 (full 1):
 PSYoungGen      total 27136K, used 2483K [0x00000000d5580000, 0x00000000d7480000, 0x0000000100000000)
  eden space 24576K, 0% used [0x00000000d5580000,0x00000000d5580000,0x00000000d6d80000)
  from space 2560K, 97% used [0x00000000d6e00000,0x00000000d706ccf0,0x00000000d7080000)
  to   space 3584K, 0% used [0x00000000d7100000,0x00000000d7100000,0x00000000d7480000)
 ParOldGen       total 68608K, used 9029K [0x0000000080000000, 0x0000000084300000, 0x00000000d5580000)
  object space 68608K, 13% used [0x0000000080000000,0x00000000808d1498,0x0000000084300000)
 Metaspace       used 23212K, committed 23872K, reserved 1114112K
  class space    used 2241K, committed 2560K, reserved 1048576K
}
Event: 4.694 GC heap before
{Heap before GC invocations=9 (full 1):
 PSYoungGen      total 27136K, used 27059K [0x00000000d5580000, 0x00000000d7480000, 0x0000000100000000)
  eden space 24576K, 100% used [0x00000000d5580000,0x00000000d6d80000,0x00000000d6d80000)
  from space 2560K, 97% used [0x00000000d6e00000,0x00000000d706ccf0,0x00000000d7080000)
  to   space 3584K, 0% used [0x00000000d7100000,0x00000000d7100000,0x00000000d7480000)
 ParOldGen       total 68608K, used 9029K [0x0000000080000000, 0x0000000084300000, 0x00000000d5580000)
  object space 68608K, 13% used [0x0000000080000000,0x00000000808d1498,0x0000000084300000)
 Metaspace       used 26912K, committed 27712K, reserved 1114112K
  class space    used 2661K, committed 3008K, reserved 1048576K
}
Event: 4.696 GC heap after
{Heap after GC invocations=9 (full 1):
 PSYoungGen      total 27136K, used 3564K [0x00000000d5580000, 0x00000000d7600000, 0x0000000100000000)
  eden space 23552K, 0% used [0x00000000d5580000,0x00000000d5580000,0x00000000d6c80000)
  from space 3584K, 99% used [0x00000000d7100000,0x00000000d747b1a0,0x00000000d7480000)
  to   space 4608K, 0% used [0x00000000d6c80000,0x00000000d6c80000,0x00000000d7100000)
 ParOldGen       total 68608K, used 9565K [0x0000000080000000, 0x0000000084300000, 0x00000000d5580000)
  object space 68608K, 13% used [0x0000000080000000,0x00000000809574a8,0x0000000084300000)
 Metaspace       used 26912K, committed 27712K, reserved 1114112K
  class space    used 2661K, committed 3008K, reserved 1048576K
}
Event: 8.412 GC heap before
{Heap before GC invocations=10 (full 1):
 PSYoungGen      total 27136K, used 27116K [0x00000000d5580000, 0x00000000d7600000, 0x0000000100000000)
  eden space 23552K, 100% used [0x00000000d5580000,0x00000000d6c80000,0x00000000d6c80000)
  from space 3584K, 99% used [0x00000000d7100000,0x00000000d747b1a0,0x00000000d7480000)
  to   space 4608K, 0% used [0x00000000d6c80000,0x00000000d6c80000,0x00000000d7100000)
 ParOldGen       total 68608K, used 9565K [0x0000000080000000, 0x0000000084300000, 0x00000000d5580000)
  object space 68608K, 13% used [0x0000000080000000,0x00000000809574a8,0x0000000084300000)
 Metaspace       used 29874K, committed 30720K, reserved 1114112K
  class space    used 2995K, committed 3392K, reserved 1048576K
}
Event: 8.415 GC heap after
{Heap after GC invocations=10 (full 1):
 PSYoungGen      total 27648K, used 4578K [0x00000000d5580000, 0x00000000d7600000, 0x0000000100000000)
  eden space 23040K, 0% used [0x00000000d5580000,0x00000000d5580000,0x00000000d6c00000)
  from space 4608K, 99% used [0x00000000d6c80000,0x00000000d70f8a90,0x00000000d7100000)
  to   space 5120K, 0% used [0x00000000d7100000,0x00000000d7100000,0x00000000d7600000)
 ParOldGen       total 68608K, used 9773K [0x0000000080000000, 0x0000000084300000, 0x00000000d5580000)
  object space 68608K, 14% used [0x0000000080000000,0x000000008098b4b8,0x0000000084300000)
 Metaspace       used 29874K, committed 30720K, reserved 1114112K
  class space    used 2995K, committed 3392K, reserved 1048576K
}
Event: 9.124 GC heap before
{Heap before GC invocations=11 (full 1):
 PSYoungGen      total 27648K, used 27618K [0x00000000d5580000, 0x00000000d7600000, 0x0000000100000000)
  eden space 23040K, 100% used [0x00000000d5580000,0x00000000d6c00000,0x00000000d6c00000)
  from space 4608K, 99% used [0x00000000d6c80000,0x00000000d70f8a90,0x00000000d7100000)
  to   space 5120K, 0% used [0x00000000d7100000,0x00000000d7100000,0x00000000d7600000)
 ParOldGen       total 68608K, used 9773K [0x0000000080000000, 0x0000000084300000, 0x00000000d5580000)
  object space 68608K, 14% used [0x0000000080000000,0x000000008098b4b8,0x0000000084300000)
 Metaspace       used 31850K, committed 32896K, reserved 1114112K
  class space    used 3192K, committed 3648K, reserved 1048576K
}
Event: 9.129 GC heap after
{Heap after GC invocations=11 (full 1):
 PSYoungGen      total 26112K, used 3095K [0x00000000d5580000, 0x00000000d7480000, 0x0000000100000000)
  eden space 22528K, 0% used [0x00000000d5580000,0x00000000d5580000,0x00000000d6b80000)
  from space 3584K, 86% used [0x00000000d7100000,0x00000000d7405fb8,0x00000000d7480000)
  to   space 4096K, 0% used [0x00000000d6c80000,0x00000000d6c80000,0x00000000d7080000)
 ParOldGen       total 68608K, used 13250K [0x0000000080000000, 0x0000000084300000, 0x00000000d5580000)
  object space 68608K, 19% used [0x0000000080000000,0x0000000080cf0b70,0x0000000084300000)
 Metaspace       used 31850K, committed 32896K, reserved 1114112K
  class space    used 3192K, committed 3648K, reserved 1048576K
}
Event: 9.268 GC heap before
{Heap before GC invocations=12 (full 1):
 PSYoungGen      total 26112K, used 25623K [0x00000000d5580000, 0x00000000d7480000, 0x0000000100000000)
  eden space 22528K, 100% used [0x00000000d5580000,0x00000000d6b80000,0x00000000d6b80000)
  from space 3584K, 86% used [0x00000000d7100000,0x00000000d7405fb8,0x00000000d7480000)
  to   space 4096K, 0% used [0x00000000d6c80000,0x00000000d6c80000,0x00000000d7080000)
 ParOldGen       total 68608K, used 13250K [0x0000000080000000, 0x0000000084300000, 0x00000000d5580000)
  object space 68608K, 19% used [0x0000000080000000,0x0000000080cf0b70,0x0000000084300000)
 Metaspace       used 31852K, committed 32896K, reserved 1114112K
  class space    used 3192K, committed 3648K, reserved 1048576K
}
Event: 9.273 GC heap after
{Heap after GC invocations=12 (full 1):
 PSYoungGen      total 24576K, used 2208K [0x00000000d5580000, 0x00000000d7180000, 0x0000000100000000)
  eden space 22016K, 0% used [0x00000000d5580000,0x00000000d5580000,0x00000000d6b00000)
  from space 2560K, 86% used [0x00000000d6c80000,0x00000000d6ea8010,0x00000000d6f00000)
  to   space 2560K, 0% used [0x00000000d6f00000,0x00000000d6f00000,0x00000000d7180000)
 ParOldGen       total 68608K, used 16226K [0x0000000080000000, 0x0000000084300000, 0x00000000d5580000)
  object space 68608K, 23% used [0x0000000080000000,0x0000000080fd8b28,0x0000000084300000)
 Metaspace       used 31852K, committed 32896K, reserved 1114112K
  class space    used 3192K, committed 3648K, reserved 1048576K
}
Event: 9.463 GC heap before
{Heap before GC invocations=13 (full 1):
 PSYoungGen      total 24576K, used 24224K [0x00000000d5580000, 0x00000000d7180000, 0x0000000100000000)
  eden space 22016K, 100% used [0x00000000d5580000,0x00000000d6b00000,0x00000000d6b00000)
  from space 2560K, 86% used [0x00000000d6c80000,0x00000000d6ea8010,0x00000000d6f00000)
  to   space 2560K, 0% used [0x00000000d6f00000,0x00000000d6f00000,0x00000000d7180000)
 ParOldGen       total 68608K, used 16226K [0x0000000080000000, 0x0000000084300000, 0x00000000d5580000)
  object space 68608K, 23% used [0x0000000080000000,0x0000000080fd8b28,0x0000000084300000)
 Metaspace       used 32256K, committed 33216K, reserved 1114112K
  class space    used 3252K, committed 3648K, reserved 1048576K
}
Event: 9.466 GC heap after
{Heap after GC invocations=13 (full 1):
 PSYoungGen      total 24576K, used 2530K [0x00000000d5580000, 0x00000000d7180000, 0x0000000100000000)
  eden space 22016K, 0% used [0x00000000d5580000,0x00000000d5580000,0x00000000d6b00000)
  from space 2560K, 98% used [0x00000000d6f00000,0x00000000d7178820,0x00000000d7180000)
  to   space 3072K, 0% used [0x00000000d6b80000,0x00000000d6b80000,0x00000000d6e80000)
 ParOldGen       total 68608K, used 18218K [0x0000000080000000, 0x0000000084300000, 0x00000000d5580000)
  object space 68608K, 26% used [0x0000000080000000,0x00000000811cab38,0x0000000084300000)
 Metaspace       used 32256K, committed 33216K, reserved 1114112K
  class space    used 3252K, committed 3648K, reserved 1048576K
}
Event: 9.566 GC heap before
{Heap before GC invocations=14 (full 1):
 PSYoungGen      total 24576K, used 24546K [0x00000000d5580000, 0x00000000d7180000, 0x0000000100000000)
  eden space 22016K, 100% used [0x00000000d5580000,0x00000000d6b00000,0x00000000d6b00000)
  from space 2560K, 98% used [0x00000000d6f00000,0x00000000d7178820,0x00000000d7180000)
  to   space 3072K, 0% used [0x00000000d6b80000,0x00000000d6b80000,0x00000000d6e80000)
 ParOldGen       total 68608K, used 18218K [0x0000000080000000, 0x0000000084300000, 0x00000000d5580000)
  object space 68608K, 26% used [0x0000000080000000,0x00000000811cab38,0x0000000084300000)
 Metaspace       used 32273K, committed 33280K, reserved 1114112K
  class space    used 3252K, committed 3648K, reserved 1048576K
}
Event: 9.570 GC heap after
{Heap after GC invocations=14 (full 1):
 PSYoungGen      total 24576K, used 2144K [0x00000000d5580000, 0x00000000d7000000, 0x0000000100000000)
  eden space 22016K, 0% used [0x00000000d5580000,0x00000000d5580000,0x00000000d6b00000)
  from space 2560K, 83% used [0x00000000d6b80000,0x00000000d6d98000,0x00000000d6e00000)
  to   space 2048K, 0% used [0x00000000d6e00000,0x00000000d6e00000,0x00000000d7000000)
 ParOldGen       total 68608K, used 20513K [0x0000000080000000, 0x0000000084300000, 0x00000000d5580000)
  object space 68608K, 29% used [0x0000000080000000,0x0000000081408488,0x0000000084300000)
 Metaspace       used 32273K, committed 33280K, reserved 1114112K
  class space    used 3252K, committed 3648K, reserved 1048576K
}
Event: 9.655 GC heap before
{Heap before GC invocations=15 (full 1):
 PSYoungGen      total 24576K, used 24160K [0x00000000d5580000, 0x00000000d7000000, 0x0000000100000000)
  eden space 22016K, 100% used [0x00000000d5580000,0x00000000d6b00000,0x00000000d6b00000)
  from space 2560K, 83% used [0x00000000d6b80000,0x00000000d6d98000,0x00000000d6e00000)
  to   space 2048K, 0% used [0x00000000d6e00000,0x00000000d6e00000,0x00000000d7000000)
 ParOldGen       total 68608K, used 20513K [0x0000000080000000, 0x0000000084300000, 0x00000000d5580000)
  object space 68608K, 29% used [0x0000000080000000,0x0000000081408488,0x0000000084300000)
 Metaspace       used 32277K, committed 33280K, reserved 1114112K
  class space    used 3252K, committed 3648K, reserved 1048576K
}
Event: 9.659 GC heap after
{Heap after GC invocations=15 (full 1):
 PSYoungGen      total 24064K, used 2048K [0x00000000d5580000, 0x00000000d7000000, 0x0000000100000000)
  eden space 22016K, 0% used [0x00000000d5580000,0x00000000d5580000,0x00000000d6b00000)
  from space 2048K, 100% used [0x00000000d6e00000,0x00000000d7000000,0x00000000d7000000)
  to   space 2560K, 0% used [0x00000000d6b00000,0x00000000d6b00000,0x00000000d6d80000)
 ParOldGen       total 68608K, used 22651K [0x0000000080000000, 0x0000000084300000, 0x00000000d5580000)
  object space 68608K, 33% used [0x0000000080000000,0x000000008161ee38,0x0000000084300000)
 Metaspace       used 32277K, committed 33280K, reserved 1114112K
  class space    used 3252K, committed 3648K, reserved 1048576K
}
Event: 9.790 GC heap before
{Heap before GC invocations=16 (full 1):
 PSYoungGen      total 24064K, used 24064K [0x00000000d5580000, 0x00000000d7000000, 0x0000000100000000)
  eden space 22016K, 100% used [0x00000000d5580000,0x00000000d6b00000,0x00000000d6b00000)
  from space 2048K, 100% used [0x00000000d6e00000,0x00000000d7000000,0x00000000d7000000)
  to   space 2560K, 0% used [0x00000000d6b00000,0x00000000d6b00000,0x00000000d6d80000)
 ParOldGen       total 68608K, used 22651K [0x0000000080000000, 0x0000000084300000, 0x00000000d5580000)
  object space 68608K, 33% used [0x0000000080000000,0x000000008161ee38,0x0000000084300000)
 Metaspace       used 32338K, committed 33280K, reserved 1114112K
  class space    used 3254K, committed 3648K, reserved 1048576K
}
Event: 9.793 GC heap after
{Heap after GC invocations=16 (full 1):
 PSYoungGen      total 24576K, used 2368K [0x00000000d5580000, 0x00000000d7000000, 0x0000000100000000)
  eden space 22016K, 0% used [0x00000000d5580000,0x00000000d5580000,0x00000000d6b00000)
  from space 2560K, 92% used [0x00000000d6b00000,0x00000000d6d50010,0x00000000d6d80000)
  to   space 2560K, 0% used [0x00000000d6d80000,0x00000000d6d80000,0x00000000d7000000)
 ParOldGen       total 68608K, used 24509K [0x0000000080000000, 0x0000000084300000, 0x00000000d5580000)
  object space 68608K, 35% used [0x0000000080000000,0x00000000817ef4b0,0x0000000084300000)
 Metaspace       used 32338K, committed 33280K, reserved 1114112K
  class space    used 3254K, committed 3648K, reserved 1048576K
}
Event: 9.951 GC heap before
{Heap before GC invocations=17 (full 1):
 PSYoungGen      total 24576K, used 24384K [0x00000000d5580000, 0x00000000d7000000, 0x0000000100000000)
  eden space 22016K, 100% used [0x00000000d5580000,0x00000000d6b00000,0x00000000d6b00000)
  from space 2560K, 92% used [0x00000000d6b00000,0x00000000d6d50010,0x00000000d6d80000)
  to   space 2560K, 0% used [0x00000000d6d80000,0x00000000d6d80000,0x00000000d7000000)
 ParOldGen       total 68608K, used 24509K [0x0000000080000000, 0x0000000084300000, 0x00000000d5580000)
  object space 68608K, 35% used [0x0000000080000000,0x00000000817ef4b0,0x0000000084300000)
 Metaspace       used 32600K, committed 33600K, reserved 1114112K
  class space    used 3274K, committed 3712K, reserved 1048576K
}
Event: 9.954 GC heap after
{Heap after GC invocations=17 (full 1):
 PSYoungGen      total 24576K, used 2048K [0x00000000d5580000, 0x00000000d7000000, 0x0000000100000000)
  eden space 22016K, 0% used [0x00000000d5580000,0x00000000d5580000,0x00000000d6b00000)
  from space 2560K, 80% used [0x00000000d6d80000,0x00000000d6f80000,0x00000000d7000000)
  to   space 2560K, 0% used [0x00000000d6b00000,0x00000000d6b00000,0x00000000d6d80000)
 ParOldGen       total 68608K, used 26629K [0x0000000080000000, 0x0000000084300000, 0x00000000d5580000)
  object space 68608K, 38% used [0x0000000080000000,0x0000000081a014c0,0x0000000084300000)
 Metaspace       used 32600K, committed 33600K, reserved 1114112K
  class space    used 3274K, committed 3712K, reserved 1048576K
}

Dll operation events (10 events):
Event: 0.007 Loaded shared library c:\Users\mp2k5\.vscode\extensions\redhat.java-1.45.0-win32-x64\jre\21.0.8-win32-x86_64\bin\java.dll
Event: 0.027 Loaded shared library c:\Users\mp2k5\.vscode\extensions\redhat.java-1.45.0-win32-x64\jre\21.0.8-win32-x86_64\bin\zip.dll
Event: 0.067 Loaded shared library C:\Users\mp2k5\.vscode\extensions\redhat.java-1.45.0-win32-x64\jre\21.0.8-win32-x86_64\bin\instrument.dll
Event: 0.070 Loaded shared library C:\Users\mp2k5\.vscode\extensions\redhat.java-1.45.0-win32-x64\jre\21.0.8-win32-x86_64\bin\net.dll
Event: 0.072 Loaded shared library C:\Users\mp2k5\.vscode\extensions\redhat.java-1.45.0-win32-x64\jre\21.0.8-win32-x86_64\bin\nio.dll
Event: 0.074 Loaded shared library C:\Users\mp2k5\.vscode\extensions\redhat.java-1.45.0-win32-x64\jre\21.0.8-win32-x86_64\bin\zip.dll
Event: 0.087 Loaded shared library C:\Users\mp2k5\.vscode\extensions\redhat.java-1.45.0-win32-x64\jre\21.0.8-win32-x86_64\bin\jimage.dll
Event: 0.196 Loaded shared library c:\Users\mp2k5\.vscode\extensions\redhat.java-1.45.0-win32-x64\jre\21.0.8-win32-x86_64\bin\verify.dll
Event: 1.779 Loaded shared library C:\Users\mp2k5\AppData\Roaming\Code\User\globalStorage\redhat.java\1.45.0\config_ss_win\org.eclipse.equinox.launcher\org.eclipse.equinox.launcher.win32.win32.x86_64_1.2.1400.v20250801-0854\eclipse_11916.dll
Event: 3.522 Loaded shared library C:\Users\mp2k5\AppData\Local\Temp\jna-104051801\jna6299129561141798959.dll

Deoptimization events (20 events):
Event: 10.011 Thread 0x000001e16e488470 DEOPT PACKING pc=0x000001e1198ff9b0 sp=0x0000002cc1dfe9f0
Event: 10.011 Thread 0x000001e16e488470 DEOPT UNPACKING pc=0x000001e119163aa2 sp=0x0000002cc1dfe998 mode 2
Event: 10.038 Thread 0x000001e16e488470 Uncommon trap: trap_request=0xffffff45 fr.pc=0x000001e1199cbb14 relative=0x00000000000010b4
Event: 10.038 Thread 0x000001e16e488470 Uncommon trap: reason=unstable_if action=reinterpret pc=0x000001e1199cbb14 method=java.util.Properties$LineReader.readLine()I @ 325 c2
Event: 10.038 Thread 0x000001e16e488470 DEOPT PACKING pc=0x000001e1199cbb14 sp=0x0000002cc1dfdf40
Event: 10.038 Thread 0x000001e16e488470 DEOPT UNPACKING pc=0x000001e119163aa2 sp=0x0000002cc1dfded8 mode 2
Event: 10.045 Thread 0x000001e16e488470 DEOPT PACKING pc=0x000001e11241b3d6 sp=0x0000002cc1dfdd20
Event: 10.045 Thread 0x000001e16e488470 DEOPT UNPACKING pc=0x000001e119164242 sp=0x0000002cc1dfd230 mode 0
Event: 10.240 Thread 0x000001e16e488470 Uncommon trap: trap_request=0xffffffc6 fr.pc=0x000001e119aff5d0 relative=0x0000000000001150
Event: 10.240 Thread 0x000001e16e488470 Uncommon trap: reason=bimorphic_or_optimized_type_check action=maybe_recompile pc=0x000001e119aff5d0 method=java.util.Properties$LineReader.readLine()I @ 479 c2
Event: 10.240 Thread 0x000001e16e488470 DEOPT PACKING pc=0x000001e119aff5d0 sp=0x0000002cc1dfdf50
Event: 10.240 Thread 0x000001e16e488470 DEOPT UNPACKING pc=0x000001e119163aa2 sp=0x0000002cc1dfdee0 mode 2
Event: 10.258 Thread 0x000001e16f72b460 Uncommon trap: trap_request=0xffffffbe fr.pc=0x000001e119a34c18 relative=0x0000000000000818
Event: 10.258 Thread 0x000001e16f72b460 Uncommon trap: reason=profile_predicate action=maybe_recompile pc=0x000001e119a34c18 method=java.io.InputStream.read([BII)I @ 40 c2
Event: 10.258 Thread 0x000001e16f72b460 DEOPT PACKING pc=0x000001e119a34c18 sp=0x0000002cc3afe570
Event: 10.258 Thread 0x000001e16f72b460 DEOPT UNPACKING pc=0x000001e119163aa2 sp=0x0000002cc3afe510 mode 2
Event: 10.340 Thread 0x000001e16e488470 Uncommon trap: trap_request=0xffffff45 fr.pc=0x000001e119aff2a4 relative=0x0000000000000e24
Event: 10.340 Thread 0x000001e16e488470 Uncommon trap: reason=unstable_if action=reinterpret pc=0x000001e119aff2a4 method=java.util.Properties$LineReader.readLine()I @ 182 c2
Event: 10.340 Thread 0x000001e16e488470 DEOPT PACKING pc=0x000001e119aff2a4 sp=0x0000002cc1dfd960
Event: 10.340 Thread 0x000001e16e488470 DEOPT UNPACKING pc=0x000001e119163aa2 sp=0x0000002cc1dfd8f8 mode 2

Classes loaded (20 events):
Event: 8.931 Loading class java/lang/invoke/MethodHandleImpl$Makers
Event: 8.931 Loading class java/lang/invoke/MethodHandleImpl$Makers done
Event: 8.931 Loading class java/lang/invoke/MethodHandleImpl$Makers$1
Event: 8.931 Loading class java/lang/invoke/MethodHandleImpl$Makers$1 done
Event: 8.931 Loading class java/lang/invoke/MethodHandleImpl$Makers$2
Event: 8.931 Loading class java/lang/invoke/MethodHandleImpl$Makers$2 done
Event: 8.931 Loading class java/lang/invoke/MethodHandleImpl$Makers$3
Event: 8.931 Loading class java/lang/invoke/MethodHandleImpl$Makers$3 done
Event: 8.936 Loading class java/lang/runtime/ObjectMethods$1
Event: 8.936 Loading class java/lang/runtime/ObjectMethods$1 done
Event: 9.388 Loading class java/nio/channels/Channels$ReadableByteChannelImpl
Event: 9.388 Loading class java/nio/channels/Channels$ReadableByteChannelImpl done
Event: 9.392 Loading class java/nio/channels/NonWritableChannelException
Event: 9.392 Loading class java/nio/channels/NonWritableChannelException done
Event: 9.987 Loading class java/util/zip/CheckedInputStream
Event: 9.988 Loading class java/util/zip/CheckedInputStream done
Event: 10.123 Loading class java/lang/ExceptionInInitializerError
Event: 10.123 Loading class java/lang/ExceptionInInitializerError done
Event: 10.273 Loading class sun/misc/Unsafe
Event: 10.274 Loading class sun/misc/Unsafe done

Classes unloaded (7 events):
Event: 3.925 Thread 0x000001e125554930 Unloading class 0x000001e12718d000 'java/lang/invoke/LambdaForm$MH+0x000001e12718d000'
Event: 3.925 Thread 0x000001e125554930 Unloading class 0x000001e12718cc00 'java/lang/invoke/LambdaForm$MH+0x000001e12718cc00'
Event: 3.925 Thread 0x000001e125554930 Unloading class 0x000001e12718c800 'java/lang/invoke/LambdaForm$MH+0x000001e12718c800'
Event: 3.925 Thread 0x000001e125554930 Unloading class 0x000001e12718c400 'java/lang/invoke/LambdaForm$MH+0x000001e12718c400'
Event: 3.925 Thread 0x000001e125554930 Unloading class 0x000001e12718c000 'java/lang/invoke/LambdaForm$BMH+0x000001e12718c000'
Event: 3.925 Thread 0x000001e125554930 Unloading class 0x000001e12718bc00 'java/lang/invoke/LambdaForm$DMH+0x000001e12718bc00'
Event: 3.925 Thread 0x000001e125554930 Unloading class 0x000001e12718ac00 'java/lang/invoke/LambdaForm$DMH+0x000001e12718ac00'

Classes redefined (0 events):
No events

Internal exceptions (20 events):
Event: 8.566 Thread 0x000001e16e6123d0 Exception <a 'java/io/FileNotFoundException'{0x00000000d5a0d950}> (0x00000000d5a0d950) 
thrown [s\src\hotspot\share\prims\jni.cpp, line 520]
Event: 8.566 Thread 0x000001e16e6123d0 Exception <a 'java/io/FileNotFoundException'{0x00000000d5a0e6b8}> (0x00000000d5a0e6b8) 
thrown [s\src\hotspot\share\prims\jni.cpp, line 520]
Event: 8.616 Thread 0x000001e16e488470 Exception <a 'java/io/FileNotFoundException'{0x00000000d5b59a18}> (0x00000000d5b59a18) 
thrown [s\src\hotspot\share\prims\jni.cpp, line 520]
Event: 8.617 Thread 0x000001e16e488470 Exception <a 'java/io/FileNotFoundException'{0x00000000d5b5aa18}> (0x00000000d5b5aa18) 
thrown [s\src\hotspot\share\prims\jni.cpp, line 520]
Event: 8.622 Thread 0x000001e16e488470 Exception <a 'java/io/FileNotFoundException'{0x00000000d5b5c1c8}> (0x00000000d5b5c1c8) 
thrown [s\src\hotspot\share\prims\jni.cpp, line 520]
Event: 8.622 Thread 0x000001e16e488470 Exception <a 'java/io/FileNotFoundException'{0x00000000d5b5d478}> (0x00000000d5b5d478) 
thrown [s\src\hotspot\share\prims\jni.cpp, line 520]
Event: 8.623 Thread 0x000001e16e488470 Exception <a 'java/io/FileNotFoundException'{0x00000000d5b5e498}> (0x00000000d5b5e498) 
thrown [s\src\hotspot\share\prims\jni.cpp, line 520]
Event: 8.684 Thread 0x000001e16e488470 Implicit null exception at 0x000001e1199f3977 to 0x000001e1199f3be8
Event: 8.684 Thread 0x000001e16e488470 Exception <a 'java/lang/NoSuchMethodError'{0x00000000d5db65d8}: 'long java.lang.invoke.DirectMethodHandle$Holder.invokeStatic(java.lang.Object, java.lang.Object, int)'> (0x00000000d5db65d8) 
thrown [s\src\hotspot\share\interpreter\linkResolver.cpp, line 773]
Event: 8.686 Thread 0x000001e16e488470 Exception <a 'java/lang/NoSuchMethodError'{0x00000000d5dc0e20}: 'java.lang.Object java.lang.invoke.DelegatingMethodHandle$Holder.reinvoke_L(java.lang.Object, int, long, java.lang.Object, java.lang.Object, int, java.lang.Object)'> (0x00000000d5dc0e20) 
thrown [s\src\hotspot\share\interpreter\linkResolver.cpp, line 773]
Event: 8.929 Thread 0x000001e16e488470 Exception <a 'java/lang/NoSuchMethodError'{0x00000000d6392818}: 'java.lang.Object java.lang.invoke.DirectMethodHandle$Holder.invokeStaticInit(java.lang.Object, java.lang.Object, java.lang.Object, java.lang.Object, java.lang.Object, java.lang.Object, java.lang.Object)'> (0x00000000d6392818) 
thrown [s\src\hotspot\share\interpreter\linkResolver.cpp, line 773]
Event: 8.930 Thread 0x000001e16e488470 Exception <a 'java/lang/NoSuchMethodError'{0x00000000d6397520}: 'java.lang.Object java.lang.invoke.Invokers$Holder.invoke_MT(java.lang.Object, java.lang.Object, java.lang.Object, java.lang.Object, java.lang.Object, java.lang.Object, java.lang.Object, java.lang.Object, java.lang.Object, java.lang.Object)'> (0x00000000d6397520) 
thrown [s\src\hotspot\share\interpreter\linkResolver.cpp, line 773]
Event: 8.937 Thread 0x000001e16e488470 Exception <a 'java/lang/NoSuchMethodError'{0x00000000d63d7a58}: 'int java.lang.invoke.DirectMethodHandle$Holder.invokeVirtual(java.lang.Object, java.lang.Object, java.lang.Object)'> (0x00000000d63d7a58) 
thrown [s\src\hotspot\share\interpreter\linkResolver.cpp, line 773]
Event: 8.938 Thread 0x000001e16e488470 Exception <a 'java/lang/NoSuchMethodError'{0x00000000d63dc048}: 'int java.lang.invoke.DirectMethodHandle$Holder.invokeStaticInit(java.lang.Object, int, int)'> (0x00000000d63dc048) 
thrown [s\src\hotspot\share\interpreter\linkResolver.cpp, line 773]
Event: 8.939 Thread 0x000001e16e488470 Exception <a 'java/lang/NoSuchMethodError'{0x00000000d63e37f0}: 'int java.lang.invoke.DirectMethodHandle$Holder.invokeStaticInit(java.lang.Object, long, long)'> (0x00000000d63e37f0) 
thrown [s\src\hotspot\share\interpreter\linkResolver.cpp, line 773]
Event: 8.939 Thread 0x000001e16e488470 Exception <a 'java/lang/NoSuchMethodError'{0x00000000d63ea9d8}: 'int java.lang.invoke.DirectMethodHandle$Holder.invokeStaticInit(java.lang.Object, float, float)'> (0x00000000d63ea9d8) 
thrown [s\src\hotspot\share\interpreter\linkResolver.cpp, line 773]
Event: 8.940 Thread 0x000001e16e488470 Exception <a 'java/lang/NoSuchMethodError'{0x00000000d63f1718}: 'int java.lang.invoke.DirectMethodHandle$Holder.invokeStaticInit(java.lang.Object, double, double)'> (0x00000000d63f1718) 
thrown [s\src\hotspot\share\interpreter\linkResolver.cpp, line 773]
Event: 8.941 Thread 0x000001e16e488470 Exception <a 'java/lang/NoSuchMethodError'{0x00000000d63f61d0}: 'int java.lang.invoke.DirectMethodHandle$Holder.invokeStatic(java.lang.Object, long)'> (0x00000000d63f61d0) 
thrown [s\src\hotspot\share\interpreter\linkResolver.cpp, line 773]
Event: 8.945 Thread 0x000001e16e488470 Exception <a 'java/lang/NoSuchMethodError'{0x00000000d6415398}: 'int java.lang.invoke.Invokers$Holder.linkToTargetMethod(java.lang.Object, java.lang.Object)'> (0x00000000d6415398) 
thrown [s\src\hotspot\share\interpreter\linkResolver.cpp, line 773]
Event: 10.258 Thread 0x000001e16f72b460 Exception <a 'java/lang/IncompatibleClassChangeError'{0x00000000d5fd3cb8}: Found class java.lang.Object, but interface was expected> (0x00000000d5fd3cb8) 
thrown [s\src\hotspot\share\interpreter\linkResolver.cpp, line 840]

ZGC Phase Switch (0 events):
No events

VM Operations (20 events):
Event: 8.753 Executing VM operation: HandshakeAllThreads (Deoptimize)
Event: 8.753 Executing VM operation: HandshakeAllThreads (Deoptimize) done
Event: 8.754 Executing VM operation: HandshakeAllThreads (Deoptimize)
Event: 8.754 Executing VM operation: HandshakeAllThreads (Deoptimize) done
Event: 9.124 Executing VM operation: ParallelGCFailedAllocation (Allocation Failure)
Event: 9.129 Executing VM operation: ParallelGCFailedAllocation (Allocation Failure) done
Event: 9.268 Executing VM operation: ParallelGCFailedAllocation (Allocation Failure)
Event: 9.273 Executing VM operation: ParallelGCFailedAllocation (Allocation Failure) done
Event: 9.463 Executing VM operation: ParallelGCFailedAllocation (Allocation Failure)
Event: 9.466 Executing VM operation: ParallelGCFailedAllocation (Allocation Failure) done
Event: 9.566 Executing VM operation: ParallelGCFailedAllocation (Allocation Failure)
Event: 9.570 Executing VM operation: ParallelGCFailedAllocation (Allocation Failure) done
Event: 9.655 Executing VM operation: ParallelGCFailedAllocation (Allocation Failure)
Event: 9.659 Executing VM operation: ParallelGCFailedAllocation (Allocation Failure) done
Event: 9.790 Executing VM operation: ParallelGCFailedAllocation (Allocation Failure)
Event: 9.793 Executing VM operation: ParallelGCFailedAllocation (Allocation Failure) done
Event: 9.951 Executing VM operation: ParallelGCFailedAllocation (Allocation Failure)
Event: 9.955 Executing VM operation: ParallelGCFailedAllocation (Allocation Failure) done
Event: 10.318 Executing VM operation: HandshakeAllThreads (Deoptimize)
Event: 10.318 Executing VM operation: HandshakeAllThreads (Deoptimize) done

Memory protections (0 events):
No events

Nmethod flushes (0 events):
No events

Events (20 events):
Event: 8.146 Thread 0x000001e16eee2660 Thread exited: 0x000001e16eee2660
Event: 8.146 Thread 0x000001e16e318740 Thread exited: 0x000001e16e318740
Event: 8.146 Thread 0x000001e16e9c5110 Thread exited: 0x000001e16e9c5110
Event: 8.146 Thread 0x000001e167defaa0 Thread exited: 0x000001e167defaa0
Event: 8.146 Thread 0x000001e16e3197d0 Thread exited: 0x000001e16e3197d0
Event: 8.537 Thread 0x000001e16e6123d0 Thread added: 0x000001e16f72c810
Event: 8.538 Thread 0x000001e16f72c810 Thread added: 0x000001e16f729a20
Event: 8.539 Thread 0x000001e16f729a20 Thread added: 0x000001e16f729390
Event: 8.542 Thread 0x000001e16f72c810 Thread added: 0x000001e16f72baf0
Event: 8.543 Thread 0x000001e16f72c810 Thread added: 0x000001e16f72cea0
Event: 8.611 Thread 0x000001e16e11cd10 Thread exited: 0x000001e16e11cd10
Event: 8.829 Thread 0x000001e167c3a2e0 Thread added: 0x000001e16fd8ce20
Event: 8.829 Thread 0x000001e167c3a2e0 Thread added: 0x000001e16fd8d4c0
Event: 9.196 Thread 0x000001e16fd8ce20 Thread added: 0x000001e1708917a0
Event: 9.196 Thread 0x000001e16fd8ce20 Thread added: 0x000001e16f3152e0
Event: 9.235 Thread 0x000001e167c5fff0 Thread added: 0x000001e169a663a0
Event: 9.235 Thread 0x000001e167c5fff0 Thread added: 0x000001e169a66a40
Event: 10.331 Thread 0x000001e169a66a40 Thread exited: 0x000001e169a66a40
Event: 10.346 Thread 0x000001e16e488470 Thread added: 0x000001e16f72a0b0
Event: 10.370 Thread 0x000001e169a663a0 Thread exited: 0x000001e169a663a0


Dynamic libraries:
0x00007ff7c7d20000 - 0x00007ff7c7d2e000 	c:\Users\mp2k5\.vscode\extensions\redhat.java-1.45.0-win32-x64\jre\21.0.8-win32-x86_64\bin\java.exe
0x00007ff9da5c0000 - 0x00007ff9da829000 	C:\WINDOWS\SYSTEM32\ntdll.dll
0x00007ff9d9a40000 - 0x00007ff9d9b09000 	C:\WINDOWS\System32\KERNEL32.DLL
0x00007ff9d7c80000 - 0x00007ff9d8073000 	C:\WINDOWS\System32\KERNELBASE.dll
0x00007ff9d8080000 - 0x00007ff9d81cb000 	C:\WINDOWS\System32\ucrtbase.dll
0x00007ff9822d0000 - 0x00007ff9822ee000 	c:\Users\mp2k5\.vscode\extensions\redhat.java-1.45.0-win32-x64\jre\21.0.8-win32-x86_64\bin\VCRUNTIME140.dll
0x00007ff989b60000 - 0x00007ff989b78000 	c:\Users\mp2k5\.vscode\extensions\redhat.java-1.45.0-win32-x64\jre\21.0.8-win32-x86_64\bin\jli.dll
0x00007ff9da3b0000 - 0x00007ff9da574000 	C:\WINDOWS\System32\USER32.dll
0x00007ff9b8a50000 - 0x00007ff9b8ce3000 	C:\WINDOWS\WinSxS\amd64_microsoft.windows.common-controls_6595b64144ccf1df_6.0.26100.5074_none_3e0d6f78e32fd63f\COMCTL32.dll
0x00007ff9d7ae0000 - 0x00007ff9d7b07000 	C:\WINDOWS\System32\win32u.dll
0x00007ff9d9440000 - 0x00007ff9d94e9000 	C:\WINDOWS\System32\msvcrt.dll
0x00007ff9d92d0000 - 0x00007ff9d92fb000 	C:\WINDOWS\System32\GDI32.dll
0x00007ff9d81d0000 - 0x00007ff9d82fd000 	C:\WINDOWS\System32\gdi32full.dll
0x00007ff9d7a30000 - 0x00007ff9d7ad3000 	C:\WINDOWS\System32\msvcp_win.dll
0x00007ff9d9400000 - 0x00007ff9d942f000 	C:\WINDOWS\System32\IMM32.DLL
0x00007ff9a8510000 - 0x00007ff9a851c000 	c:\Users\mp2k5\.vscode\extensions\redhat.java-1.45.0-win32-x64\jre\21.0.8-win32-x86_64\bin\vcruntime140_1.dll
0x00007ff951e10000 - 0x00007ff951e9d000 	c:\Users\mp2k5\.vscode\extensions\redhat.java-1.45.0-win32-x64\jre\21.0.8-win32-x86_64\bin\msvcp140.dll
0x00007ff930080000 - 0x00007ff930e17000 	c:\Users\mp2k5\.vscode\extensions\redhat.java-1.45.0-win32-x64\jre\21.0.8-win32-x86_64\bin\server\jvm.dll
0x00007ff9d9730000 - 0x00007ff9d97e4000 	C:\WINDOWS\System32\ADVAPI32.dll
0x00007ff9d97f0000 - 0x00007ff9d9896000 	C:\WINDOWS\System32\sechost.dll
0x00007ff9da290000 - 0x00007ff9da3a8000 	C:\WINDOWS\System32\RPCRT4.dll
0x00007ff9d9b10000 - 0x00007ff9d9b84000 	C:\WINDOWS\System32\WS2_32.dll
0x00007ff9d75b0000 - 0x00007ff9d760e000 	C:\WINDOWS\SYSTEM32\POWRPROF.dll
0x00007ff9c05a0000 - 0x00007ff9c05ab000 	C:\WINDOWS\SYSTEM32\VERSION.dll
0x00007ff9ce6c0000 - 0x00007ff9ce6f5000 	C:\WINDOWS\SYSTEM32\WINMM.dll
0x00007ff9d7590000 - 0x00007ff9d75a4000 	C:\WINDOWS\SYSTEM32\UMPDC.dll
0x00007ff9d6510000 - 0x00007ff9d652b000 	C:\WINDOWS\SYSTEM32\kernel.appcore.dll
0x00007ff9a6e50000 - 0x00007ff9a6e5a000 	c:\Users\mp2k5\.vscode\extensions\redhat.java-1.45.0-win32-x64\jre\21.0.8-win32-x86_64\bin\jimage.dll
0x00007ff9d4dd0000 - 0x00007ff9d5012000 	C:\WINDOWS\SYSTEM32\DBGHELP.DLL
0x00007ff9d9c20000 - 0x00007ff9d9f9b000 	C:\WINDOWS\System32\combase.dll
0x00007ff9da1a0000 - 0x00007ff9da277000 	C:\WINDOWS\System32\OLEAUT32.dll
0x00007ff99edb0000 - 0x00007ff99eded000 	C:\WINDOWS\SYSTEM32\dbgcore.DLL
0x00007ff9d7990000 - 0x00007ff9d7a29000 	C:\WINDOWS\System32\bcryptPrimitives.dll
0x00007ff99e440000 - 0x00007ff99e44f000 	c:\Users\mp2k5\.vscode\extensions\redhat.java-1.45.0-win32-x64\jre\21.0.8-win32-x86_64\bin\instrument.dll
0x00007ff97d380000 - 0x00007ff97d39f000 	c:\Users\mp2k5\.vscode\extensions\redhat.java-1.45.0-win32-x64\jre\21.0.8-win32-x86_64\bin\java.dll
0x00007ff9d8390000 - 0x00007ff9d8add000 	C:\WINDOWS\System32\SHELL32.dll
0x00007ff9d7b10000 - 0x00007ff9d7c7c000 	C:\WINDOWS\System32\wintypes.dll
0x00007ff9d5380000 - 0x00007ff9d5bd9000 	C:\WINDOWS\SYSTEM32\windows.storage.dll
0x00007ff9d8b50000 - 0x00007ff9d8c40000 	C:\WINDOWS\System32\SHCORE.dll
0x00007ff9d8ae0000 - 0x00007ff9d8b42000 	C:\WINDOWS\System32\shlwapi.dll
0x00007ff9d7670000 - 0x00007ff9d7699000 	C:\WINDOWS\SYSTEM32\profapi.dll
0x00007ff977c10000 - 0x00007ff977c28000 	c:\Users\mp2k5\.vscode\extensions\redhat.java-1.45.0-win32-x64\jre\21.0.8-win32-x86_64\bin\zip.dll
0x00007ff9a0a00000 - 0x00007ff9a0a10000 	C:\Users\mp2k5\.vscode\extensions\redhat.java-1.45.0-win32-x64\jre\21.0.8-win32-x86_64\bin\net.dll
0x00007ff9ce230000 - 0x00007ff9ce34f000 	C:\WINDOWS\SYSTEM32\WINHTTP.dll
0x00007ff9d6a90000 - 0x00007ff9d6afb000 	C:\WINDOWS\system32\mswsock.dll
0x00007ff9778b0000 - 0x00007ff9778c6000 	C:\Users\mp2k5\.vscode\extensions\redhat.java-1.45.0-win32-x64\jre\21.0.8-win32-x86_64\bin\nio.dll
0x00007ff995870000 - 0x00007ff995880000 	c:\Users\mp2k5\.vscode\extensions\redhat.java-1.45.0-win32-x64\jre\21.0.8-win32-x86_64\bin\verify.dll
0x00007ff98b740000 - 0x00007ff98b784000 	C:\Users\mp2k5\AppData\Roaming\Code\User\globalStorage\redhat.java\1.45.0\config_ss_win\org.eclipse.equinox.launcher\org.eclipse.equinox.launcher.win32.win32.x86_64_1.2.1400.v20250801-0854\eclipse_11916.dll
0x00007ff9d98a0000 - 0x00007ff9d9a38000 	C:\WINDOWS\System32\ole32.dll
0x00007ff9d6d50000 - 0x00007ff9d6d6b000 	C:\WINDOWS\SYSTEM32\CRYPTSP.dll
0x00007ff9d6460000 - 0x00007ff9d649b000 	C:\WINDOWS\system32\rsaenh.dll
0x00007ff9d6b30000 - 0x00007ff9d6b5b000 	C:\WINDOWS\SYSTEM32\USERENV.dll
0x00007ff9d7640000 - 0x00007ff9d7666000 	C:\WINDOWS\SYSTEM32\bcrypt.dll
0x00007ff9d6d70000 - 0x00007ff9d6d7c000 	C:\WINDOWS\SYSTEM32\CRYPTBASE.dll
0x00007ff9d6050000 - 0x00007ff9d6084000 	C:\WINDOWS\SYSTEM32\IPHLPAPI.DLL
0x00007ff9d9b90000 - 0x00007ff9d9b9a000 	C:\WINDOWS\System32\NSI.dll
0x00007ff98e630000 - 0x00007ff98e679000 	C:\Users\mp2k5\AppData\Local\Temp\jna-104051801\jna6299129561141798959.dll
0x00007ff9d9720000 - 0x00007ff9d9728000 	C:\WINDOWS\System32\PSAPI.DLL
0x00007ff9d0cb0000 - 0x00007ff9d0cce000 	C:\WINDOWS\SYSTEM32\dhcpcsvc6.DLL
0x00007ff9d0c30000 - 0x00007ff9d0c53000 	C:\WINDOWS\SYSTEM32\dhcpcsvc.DLL

JVMTI agents:
c:\Users\mp2k5\.vscode\extensions\redhat.java-1.45.0-win32-x64\lombok\lombok-1.18.39-4050.jar path:c:\Users\mp2k5\.vscode\extensions\redhat.java-1.45.0-win32-x64\jre\21.0.8-win32-x86_64\bin\instrument.dll, loaded, initialized, instrumentlib options:none

dbghelp: loaded successfully - version: 4.0.5 - missing functions: none
symbol engine: initialized successfully - sym options: 0x614 - pdb path: .;c:\Users\mp2k5\.vscode\extensions\redhat.java-1.45.0-win32-x64\jre\21.0.8-win32-x86_64\bin;C:\WINDOWS\SYSTEM32;C:\WINDOWS\WinSxS\amd64_microsoft.windows.common-controls_6595b64144ccf1df_6.0.26100.5074_none_3e0d6f78e32fd63f;c:\Users\mp2k5\.vscode\extensions\redhat.java-1.45.0-win32-x64\jre\21.0.8-win32-x86_64\bin\server;C:\Users\mp2k5\AppData\Roaming\Code\User\globalStorage\redhat.java\1.45.0\config_ss_win\org.eclipse.equinox.launcher\org.eclipse.equinox.launcher.win32.win32.x86_64_1.2.1400.v20250801-0854;C:\Users\mp2k5\AppData\Local\Temp\jna-104051801

VM Arguments:
jvm_args: --add-modules=ALL-SYSTEM --add-opens=java.base/java.util=ALL-UNNAMED --add-opens=java.base/java.lang=ALL-UNNAMED --add-opens=java.base/sun.nio.fs=ALL-UNNAMED -Declipse.application=org.eclipse.jdt.ls.core.id1 -Dosgi.bundles.defaultStartLevel=4 -Declipse.product=org.eclipse.jdt.ls.core.product -Djava.import.generatesMetadataFilesAtProjectRoot=false -DDetectVMInstallationsJob.disabled=true -Dfile.encoding=utf8 -XX:+UseParallelGC -XX:GCTimeRatio=4 -XX:AdaptiveSizePolicyWeight=90 -Dsun.zip.disableMemoryMapping=true -Xmx2G -Xms100m -Xlog:disable -javaagent:c:\Users\mp2k5\.vscode\extensions\redhat.java-1.45.0-win32-x64\lombok\lombok-1.18.39-4050.jar 
java_command: c:\Users\mp2k5\.vscode\extensions\redhat.java-1.45.0-win32-x64\server\plugins\org.eclipse.equinox.launcher_1.7.0.v20250519-0528.jar -configuration c:\Users\mp2k5\AppData\Roaming\Code\User\globalStorage\redhat.java\1.45.0\config_ss_win -data c:\Users\mp2k5\AppData\Roaming\Code\User\workspaceStorage\fdc93686323f34eeea03923134018aa6\redhat.java\ss_ws --pipe=\\.\pipe\lsp-395f8d8ab50eff39bf888a3f9e434378-sock
java_class_path (initial): c:\Users\mp2k5\.vscode\extensions\redhat.java-1.45.0-win32-x64\server\plugins\org.eclipse.equinox.launcher_1.7.0.v20250519-0528.jar
Launcher Type: SUN_STANDARD

[Global flags]
    uintx AdaptiveSizePolicyWeight                 = 90                                        {product} {command line}
     intx CICompilerCount                          = 12                                        {product} {ergonomic}
    uintx GCTimeRatio                              = 4                                         {product} {command line}
   size_t InitialHeapSize                          = 104857600                                 {product} {command line}
   size_t MaxHeapSize                              = 2147483648                                {product} {command line}
   size_t MaxNewSize                               = 715653120                                 {product} {ergonomic}
   size_t MinHeapDeltaBytes                        = 524288                                    {product} {ergonomic}
   size_t MinHeapSize                              = 104857600                                 {product} {command line}
   size_t NewSize                                  = 34603008                                  {product} {ergonomic}
    uintx NonNMethodCodeHeapSize                   = 7602480                                {pd product} {ergonomic}
    uintx NonProfiledCodeHeapSize                  = 122027880                              {pd product} {ergonomic}
   size_t OldSize                                  = 70254592                                  {product} {ergonomic}
    uintx ProfiledCodeHeapSize                     = 122027880                              {pd product} {ergonomic}
    uintx ReservedCodeCacheSize                    = 251658240                              {pd product} {ergonomic}
     bool SegmentedCodeCache                       = true                                      {product} {ergonomic}
   size_t SoftMaxHeapSize                          = 2147483648                             {manageable} {ergonomic}
     bool UseCompressedOops                        = true                           {product lp64_product} {ergonomic}
     bool UseLargePagesIndividualAllocation        = false                                  {pd product} {ergonomic}
     bool UseParallelGC                            = true                                      {product} {command line}

Logging:
Log output configuration:
 #0: stdout all=off uptime,level,tags foldmultilines=false
 #1: stderr all=off uptime,level,tags foldmultilines=false

Environment Variables:
JAVA_HOME=C:\Program Files\Java\jdk-23
PATH=C:\Program Files\Common Files\Oracle\Java\javapath;C:\WINDOWS\system32;C:\WINDOWS;C:\WINDOWS\System32\Wbem;C:\WINDOWS\System32\WindowsPowerShell\v1.0\;C:\WINDOWS\System32\OpenSSH\;C:\Program Files\Microsoft SQL Server\150\Tools\Binn\;C:\Program Files\Microsoft SQL Server\Client SDK\ODBC\170\Tools\Binn\;C:\Program Files\dotnet\;C:\Program Files (x86)\Windows Kits\10\Windows Performance Toolkit\;C:\hadoop-3.4.1\bin;C:\hadoop-3.4.1\sbin;C:\Program Files\Java\jdk-23\bin;C:\MinGW\bin;C:\MinGW\msys\1.0\bin;C:\Program Files\Java\jdk-23\bin;C:\Program Files\Git\cmd;C:\composer;C:\Program Files\nodejs\;c:\Users\mp2k5\AppData\Local\Programs\cursor\resources\app\bin;c:\Users\mp2k5\AppData\Local\Programs\cursor\resources\app\bin;c:\Users\mp2k5\AppData\Local\Programs\cursor\resources\app\bin;C:\Users\mp2k5\.console-ninja\.bin;C:\Users\mp2k5\AppData\Local\Programs\Python\Python312\Scripts\;C:\Users\mp2k5\AppData\Local\Programs\Python\Python312\;C:\Users\mp2k5\AppData\Local\Programs\Python\Launcher\;C:\Users\mp2k5\AppData\Local\Microsoft\WindowsApps;C:\Users\mp2k5\AppData\Local\Programs\Microsoft VS Code\bin;C:\Flutter\flutter\bin;C:\Users\mp2k5\.dotnet\tools;C:\MinGW\bin;C:\MinGW\msys\1.0\bin;C:\Program Files\Java\jdk-23\bin;C:\xampp\php;C:\Users\mp2k5\AppData\Roaming\Composer\vendor\bin;C:\Program Files\JetBrains\IntelliJ IDEA 2024.3.4.1\bin;C:\Program Files\JetBrains\IntelliJ IDEA Community Edition 2024.3.4.1\bin;C:\Users\mp2k5\AppData\Local\Microsoft\WinGet\Links;C:\Users\mp2k5\AppData\Local\fnm;C:\Users\mp2k5\AppData\Roaming\npm;C:\Users\mp2k5\AppData\Local\GitHubDesktop\bin;C:\Users\mp2k5\AppData\Local\Microsoft\WindowsApps;C:\Users\mp2k5\anaconda3;C:\Users\mp2k5\anaconda3\Scripts;C:\Users\mp2k5\anaconda3\Library\bin;C:\Users\mp2k5\AppData\Local\Programs\cursor\resources\app\bin;C:\Users\mp2k5\AppData\Local\spicetify
USERNAME=mp2k5
OS=Windows_NT
PROCESSOR_IDENTIFIER=Intel64 Family 6 Model 186 Stepping 2, GenuineIntel
TMP=C:\Users\mp2k5\AppData\Local\Temp
TEMP=C:\Users\mp2k5\AppData\Local\Temp




Periodic native trim disabled

---------------  S Y S T E M  ---------------

OS:
 Windows 11 , 64 bit Build 26100 (10.0.26100.5074)
OS uptime: 2 days 20:15 hours
Hyper-V role detected

CPU: total 16 (initial active 16) (8 cores per cpu, 2 threads per core) family 6 model 186 stepping 2 microcode 0x410e, cx8, cmov, fxsr, ht, mmx, 3dnowpref, sse, sse2, sse3, ssse3, sse4.1, sse4.2, popcnt, lzcnt, tsc, tscinvbit, avx, avx2, aes, erms, clmul, bmi1, bmi2, adx, sha, fma, vzeroupper, clflush, clflushopt, clwb, hv, serialize, rdtscp, rdpid, fsrm, f16c, cet_ibt, cet_ss
Processor Information for processor 0
  Max Mhz: 2600, Current Mhz: 2600, Mhz Limit: 2600
Processor Information for processor 1
  Max Mhz: 2600, Current Mhz: 2600, Mhz Limit: 2600
Processor Information for processor 2
  Max Mhz: 2600, Current Mhz: 2600, Mhz Limit: 2600
Processor Information for processor 3
  Max Mhz: 2600, Current Mhz: 2600, Mhz Limit: 2600
Processor Information for processor 4
  Max Mhz: 2600, Current Mhz: 2600, Mhz Limit: 2600
Processor Information for processor 5
  Max Mhz: 2600, Current Mhz: 2600, Mhz Limit: 2600
Processor Information for processor 6
  Max Mhz: 2600, Current Mhz: 2600, Mhz Limit: 2600
Processor Information for processor 7
  Max Mhz: 2600, Current Mhz: 2600, Mhz Limit: 2600
Processor Information for processor 8
  Max Mhz: 2600, Current Mhz: 1900, Mhz Limit: 1898
Processor Information for processor 9
  Max Mhz: 2600, Current Mhz: 1900, Mhz Limit: 1898
Processor Information for processor 10
  Max Mhz: 2600, Current Mhz: 1900, Mhz Limit: 1898
Processor Information for processor 11
  Max Mhz: 2600, Current Mhz: 1900, Mhz Limit: 1898
Processor Information for processor 12
  Max Mhz: 2600, Current Mhz: 1900, Mhz Limit: 1898
Processor Information for processor 13
  Max Mhz: 2600, Current Mhz: 1900, Mhz Limit: 1898
Processor Information for processor 14
  Max Mhz: 2600, Current Mhz: 1900, Mhz Limit: 1898
Processor Information for processor 15
  Max Mhz: 2600, Current Mhz: 1900, Mhz Limit: 1898

Memory: 4k page, system-wide physical 16107M (1224M free)
TotalPageFile size 36491M (AvailPageFile size 0M)
current process WorkingSet (physical memory assigned to process): 209M, peak: 211M
current process commit charge ("private bytes"): 338M, peak: 340M

vm_info: OpenJDK 64-Bit Server VM (21.0.8+9-LTS) for windows-amd64 JRE (21.0.8+9-LTS), built on 2025-07-15T00:00:00Z by "admin" with MS VC++ 17.7 (VS2022)

END.
